Beat    Tag    Timestamp    Global Rate    Window Rate    Instant Rate
0    0    1656052113260563004    0.000000    0.000000    0.000000    1.000000    1.000000    1.000000    0.000000    0.000000    0.000000
2    2    1656052113537714509    10.824405    7.216269    8.012079    1.000000    1.000000    1.000000    22.179547    22.179547    21.974535
3    3    1656052113626017238    10.945283    8.208962    11.324678    1.000000    1.000000    1.000000    23.360937    23.360937    27.068912
4    4    1656052113708141971    11.171213    8.936971    12.176600    1.000000    1.000000    1.000000    23.371863    23.371863    23.420483
5    5    1656052113795464398    11.217021    9.347517    11.451812    1.000000    1.000000    1.000000    24.323970    24.323970    29.204077
6    6    1656052113877754331    11.341702    9.721458    12.152155    1.000000    1.000000    1.000000    24.490058    24.490058    25.569664
7    7    1656052113964312178    11.367687    9.946725    11.552968    1.000000    1.000000    1.000000    23.906209    23.906209    19.743136
8    8    1656052114051694745    11.376108    10.112096    11.443930    1.000000    1.000000    1.000000    24.242583    24.242583    26.951629
9    9    1656052114141223468    11.355114    10.219603    11.169600    1.000000    1.000000    1.000000    24.066757    24.066757    22.513043
10    10    1656052114226451701    11.388476    10.353160    11.733201    1.000000    1.000000    1.000000    23.626424    23.626424    19.076478
11    11    1656052114324488571    11.278985    10.339069    10.200244    1.000000    1.000000    1.000000    23.757187    23.757187    25.045509
12    12    1656052114413483313    11.275714    10.408351    11.236619    1.000000    1.000000    1.000000    23.761416    23.761416    23.811976
13    13    1656052114505813034    11.242722    10.439671    10.830749    1.000000    1.000000    1.000000    23.476809    23.476809    19.922919
14    14    1656052114596104771    11.231397    10.482637    11.075211    1.000000    1.000000    1.000000    23.782447    23.782447    27.997624
15    15    1656052114689016506    11.200925    10.500867    10.762903    1.000000    1.000000    1.000000    23.819569    23.819569    24.353170
16    16    1656052114800468781    11.039636    10.390246    8.972450    1.000000    1.000000    1.000000    23.626926    23.626926    21.157875
17    17    1656052114899546773    10.982415    10.372281    10.093059    1.000000    1.000000    1.000000    23.547291    23.547291    22.309578
18    18    1656052114988621265    10.995000    10.416315    11.226559    1.000000    1.000000    1.000000    23.416648    23.416648    21.012796
19    19    1656052115075520574    11.019541    10.468565    11.507571    1.000000    1.000000    1.000000    23.671937    23.671937    28.748560
20    20    1656052115162000457    11.044276    10.518358    11.563383    1.000000    1.000000    1.000000    23.701904    23.701904    24.330814
21    21    1656052115255047389    11.030420    10.529037    10.747265    1.000000    1.000000    1.000000    23.519942    23.519942    19.801494
22    22    1656052115341721566    11.051537    10.571034    11.537462    1.000000    1.000000    1.000000    23.728549    23.728549    28.528881
23    23    1656052115436791630    11.028253    10.568743    10.518558    1.000000    1.000000    1.000000    23.723157    23.723157    23.605124
24    24    1656052115535165034    10.990934    10.551296    10.165349    1.000000    1.000000    1.000000    23.612207    23.612207    21.157750
25    25    1656052115622598807    11.007454    10.584090    11.437228    1.000000    1.000000    1.000000    23.467016    23.467016    19.689847
26    26    1656052115709620466    11.024649    10.616329    11.491392    1.000000    1.000000    1.000000    23.593983    23.593983    27.040261
27    27    1656052115798969117    11.030544    10.636596    11.192111    1.000000    1.000000    1.000000    23.556402    23.556402    22.526309
28    28    1656052115883675396    11.055569    10.674342    11.805500    1.000000    1.000000    1.000000    23.408923    23.408923    18.989389
29    29    1656052115981683299    11.024871    10.657375    10.203259    1.000000    1.000000    1.000000    23.461204    23.461204    24.860479
30    30    1656052116068111392    11.041662    10.685479    11.570312    1.000000    1.000000    1.000000    23.468227    23.468227    23.689338
31    31    1656052116154420631    11.057904    10.712344    11.586245    1.000000    1.000000    1.000000    23.346210    23.346210    19.377118
32    32    1656052116240749609    11.073132    10.737582    11.583596    1.000000    1.000000    1.000000    23.434107    23.434107    26.380537
33    33    1656052116326522725    11.089513    10.763350    11.658665    1.000000    1.000000    1.000000    23.393255    23.393255    21.973850
34    34    1656052116421770633    11.071718    10.755383    10.498918    1.000000    1.000000    1.000000    23.530722    23.530722    27.955677
35    35    1656052116528141629    11.017332    10.711295    9.401059    1.000000    1.000000    1.000000    23.573872    23.573872    24.856230
36    36    1656052116617771073    11.021063    10.723196    11.157048    1.000000    1.000000    1.000000    23.638213    23.638213    25.983855
37    37    1656052116705189910    11.031674    10.741366    11.439182    1.000000    1.000000    1.000000    23.605356    23.605356    22.343549
38    38    1656052116794058132    11.037230    10.754225    11.252616    1.000000    1.000000    1.000000    23.752200    23.752200    29.444025
39    39    1656052116882370794    11.044208    10.768104    11.323405    1.000000    1.000000    1.000000    23.802885    23.802885    25.830826
40    40    1656052116967085800    11.061580    10.791785    11.804284    1.000000    1.000000    1.000000    23.758330    23.758330    21.853488
41    41    1656052117064567361    11.040997    10.778116    10.258350    1.000000    1.000000    1.000000    23.855348    23.855348    27.544272
42    42    1656052117151541915    11.051204    10.794199    11.497616    1.000000    1.000000    1.000000    23.915715    23.915715    26.555955
43    43    1656052117242516567    11.049853    10.798720    10.992073    1.000000    1.000000    1.000000    23.874022    23.874022    22.090819
44    44    1656052117327945221    11.063627    10.817769    11.705674    1.000000    1.000000    1.000000    23.766405    23.766405    18.750227
45    45    1656052117413922775    11.075371    10.834602    11.630943    1.000000    1.000000    1.000000    23.804941    23.804941    25.627970
46    46    1656052117500081656    11.086164    10.850288    11.606465    1.000000    1.000000    1.000000    23.748985    23.748985    21.051593
47    47    1656052117586284649    11.096414    10.865239    11.600525    1.000000    1.000000    1.000000    23.834605    23.834605    28.045459
48    48    1656052117696222758    11.046835    10.821389    9.096027    1.000000    1.000000    1.000000    23.802510    23.802510    22.539648
49    49    1656052117794073099    11.028982    10.808402    10.219688    1.000000    1.000000    1.000000    23.797505    23.797505    23.570654
50    50    1656052117883183264    11.032704    10.816376    11.222064    1.000000    1.000000    1.000000    23.764735    23.764735    22.097549
51    51    1656052117971003165    11.039308    10.969481    11.386941    1.000000    1.000000    1.000000    23.876847    23.927960    29.778129
52    52    1656052118053369687    11.058239    11.072590    12.140855    1.000000    1.000000    1.000000    23.918214    24.024926    26.283943
53    53    1656052118143568837    11.058762    11.067943    11.086579    1.000000    1.000000    1.000000    23.855655    23.895676    20.531554
54    54    1656052118238360119    11.049064    11.036997    10.549493    1.000000    1.000000    1.000000    23.928191    23.983155    27.664733
55    55    1656052118325627074    11.056129    11.037131    11.459091    1.000000    1.000000    1.000000    23.960231    23.917283    25.787851
56    56    1656052118412674582    11.063425    11.025552    11.487980    1.000000    1.000000    1.000000    23.920323    23.842784    21.598159
57    57    1656052118498732960    11.072569    11.026767    11.620019    1.000000    1.000000    1.000000    24.002281    24.017192    28.908911
58    58    1656052118584613795    11.081788    11.030419    11.644041    1.000000    1.000000    1.000000    24.008828    23.968030    24.408140
59    59    1656052118670347305    11.091015    11.039662    11.664051    1.000000    1.000000    1.000000    23.939969    23.915316    19.663864
60    60    1656052118777286683    11.057288    10.986995    9.351092    1.000000    1.000000    1.000000    23.966234    24.038356    25.294865
61    61    1656052118877522940    11.037999    10.981688    9.976430    1.000000    1.000000    1.000000    23.996615    24.052563    25.668726
62    62    1656052118974181636    11.026287    10.963233    10.345681    1.000000    1.000000    1.000000    24.005167    24.066786    24.502163
63    63    1656052119060174740    11.035221    10.978487    11.628839    1.000000    1.000000    1.000000    23.989727    24.129969    22.963835
64    64    1656052119145359087    11.045412    10.990812    11.739246    1.000000    1.000000    1.000000    24.078234    24.165069    30.104029
65    65    1656052119227719344    11.060545    11.016363    12.141779    1.000000    1.000000    1.000000    24.100369    24.188744    25.681966
66    66    1656052119319916419    11.057285    11.063299    10.846331    1.000000    1.000000    1.000000    24.036729    24.176360    19.917820
67    67    1656052119407726578    11.062012    11.090950    11.388204    1.000000    1.000000    1.000000    24.096579    24.296276    28.226537
68    68    1656052119499271505    11.059981    11.084876    10.923598    1.000000    1.000000    1.000000    24.092804    24.351844    23.839366
69    69    1656052119584328130    11.069355    11.089406    11.756874    1.000000    1.000000    1.000000    24.052026    24.205026    21.061050
70    70    1656052119669972477    11.077464    11.091462    11.676194    1.000000    1.000000    1.000000    24.101976    24.270724    27.790111
71    71    1656052119755282884    11.085928    11.110529    11.721899    1.000000    1.000000    1.000000    24.089036    24.341255    23.116839
72    72    1656052119857292158    11.066090    11.072798    9.803030    1.000000    1.000000    1.000000    24.154972    24.351504    28.353039
73    73    1656052119954692936    11.054461    11.067086    10.266858    1.000000    1.000000    1.000000    24.207729    24.441142    27.780800
74    74    1656052120047258483    11.051034    11.081330    10.803156    1.000000    1.000000    1.000000    24.235111    24.549125    26.215323
75    75    1656052120133794215    11.057390    11.083536    11.555920    1.000000    1.000000    1.000000    24.228588    24.627343    23.717002
76    76    1656052120216212721    11.070138    11.094857    12.133197    1.000000    1.000000    1.000000    24.169796    24.482716    19.266931
77    77    1656052120299623545    11.081024    11.109495    11.988852    1.000000    1.000000    1.000000    24.189943    24.547266    25.869987
78    78    1656052120387548313    11.084631    11.101557    11.373360    1.000000    1.000000    1.000000    24.144503    24.572913    20.506617
79    79    1656052120475957311    11.087405    11.125267    11.311066    1.000000    1.000000    1.000000    24.188294    24.628520    27.718463
80    80    1656052120563943490    11.090755    11.121412    11.365421    1.000000    1.000000    1.000000    24.183672    24.630452    23.804675
81    81    1656052120657641281    11.085458    11.103165    10.672610    1.000000    1.000000    1.000000    24.127106    24.628925    19.718012
82    82    1656052120744651017    11.090196    11.101486    11.492967    1.000000    1.000000    1.000000    24.177263    24.669001    28.441305
83    83    1656052120837377288    11.086454    11.084374    10.784430    1.000000    1.000000    1.000000    24.173366    24.703595    23.858840
84    84    1656052120934337910    11.076687    11.080168    10.313465    1.000000    1.000000    1.000000    24.129128    24.548332    20.672253
85    85    1656052121026640452    11.073801    11.114819    10.833938    1.000000    1.000000    1.000000    24.066922    24.425059    18.895250
86    86    1656052121116873765    11.073900    11.113327    11.082382    1.000000    1.000000    1.000000    24.099255    24.443283    26.882080
87    87    1656052121205885670    11.075699    11.109394    11.234452    1.000000    1.000000    1.000000    24.092575    24.465469    23.502935
88    88    1656052121289100685    11.085456    11.123365    12.017062    1.000000    1.000000    1.000000    24.047564    24.279745    19.749965
89    89    1656052121371474685    11.096163    11.138080    12.139753    1.000000    1.000000    1.000000    24.074030    24.292790    26.653515
90    90    1656052121464165714    11.092687    11.118325    10.788531    1.000000    1.000000    1.000000    24.035899    24.264674    20.699308
91    91    1656052121549793324    11.098739    11.147710    11.678476    1.000000    1.000000    1.000000    24.091966    24.292646    29.463489
92    92    1656052121635172672    11.104995    11.151676    11.712434    1.000000    1.000000    1.000000    24.098801    24.257687    24.762391
93    93    1656052121720525286    11.111161    11.165677    11.716103    1.000000    1.000000    1.000000    24.059055    24.223591    20.159220
94    94    1656052121823358437    11.094508    11.122448    9.724491    1.000000    1.000000    1.000000    24.078884    24.361610    25.710190
95    95    1656052121915528701    11.091898    11.107147    10.849486    1.000000    1.000000    1.000000    24.095576    24.363728    25.646347
96    96    1656052122008214901    11.088690    11.091065    10.789093    1.000000    1.000000    1.000000    24.078616    24.388605    22.494837
97    97    1656052122103023296    11.082888    11.069934    10.547589    1.000000    1.000000    1.000000    24.030862    24.218819    19.624799
98    98    1656052122190340613    11.086502    11.125653    11.452482    1.000000    1.000000    1.000000    24.074471    24.342895    28.490705
99    99    1656052122281185758    11.085709    11.143023    11.007743    1.000000    1.000000    1.000000    24.074670    24.354701    24.094219
100    100    1656052122363847566    11.094896    11.159060    12.097485    1.000000    1.000000    1.000000    24.047187    24.338587    21.048029
101    101    1656052122451943364    11.097354    11.158373    11.351279    1.000000    1.000000    1.000000    24.076114    24.285588    27.065291
102    102    1656052122537174563    11.103192    11.151244    11.732793    1.000000    1.000000    1.000000    24.067459    24.226989    23.134025
103    103    1656052122624646004    11.106266    11.158031    11.432303    1.000000    1.000000    1.000000    24.122054    24.412348    29.912107
104    104    1656052122710823233    11.110805    11.179522    11.603993    1.000000    1.000000    1.000000    24.133831    24.362706    25.413482
105    105    1656052122799146417    11.112761    11.176883    11.322056    1.000000    1.000000    1.000000    24.105064    24.269048    21.027070
106    106    1656052122891285934    11.110277    11.164175    10.853107    1.000000    1.000000    1.000000    24.140539    24.393872    27.813073
107    107    1656052122981206875    11.110375    11.154554    11.120880    1.000000    1.000000    1.000000    24.140844    24.302768    24.173524
108    108    1656052123080924363    11.099388    11.120229    10.028331    1.000000    1.000000    1.000000    24.096334    24.199949    19.757355
109    109    1656052123189648450    11.078563    11.063658    9.197594    1.000000    1.000000    1.000000    24.119486    24.334374    26.210673
110    110    1656052123275372499    11.083586    11.115839    11.665338    1.000000    1.000000    1.000000    24.158747    24.394858    28.706244
111    111    1656052123369712418    11.079073    11.130429    10.599967    1.000000    1.000000    1.000000    24.143289    24.326688    22.502285
112    112    1656052123453952173    11.085616    11.161286    11.870880    1.000000    1.000000    1.000000    24.103613    24.229174    19.342347
113    113    1656052123535810390    11.094623    11.171597    12.216245    1.000000    1.000000    1.000000    24.122853    24.295361    26.518735
114    114    1656052123625914501    11.094655    11.159330    11.098273    1.000000    1.000000    1.000000    24.084910    24.093679    19.757960
115    115    1656052123715304246    11.095444    11.141850    11.186966    1.000000    1.000000    1.000000    24.105735    24.112871    26.520565
116    116    1656052123806884778    11.093915    11.143381    10.919351    1.000000    1.000000    1.000000    24.093729    24.170704    22.723101
117    117    1656052123892756468    11.098368    11.148197    11.645281    1.000000    1.000000    1.000000    24.060210    24.010363    19.943540
118    118    1656052123983401013    11.097808    11.150436    11.032103    1.000000    1.000000    1.000000    24.077717    24.056726    26.131218
119    119    1656052124069363903    11.102064    11.148184    11.632927    1.000000    1.000000    1.000000    24.062208    24.076564    22.127695
120    120    1656052124154987256    11.106599    11.148235    11.679057    1.000000    1.000000    1.000000    24.097029    24.089959    28.492650
121    121    1656052124261949960    11.089511    11.094673    9.349053    1.000000    1.000000    1.000000    24.075827    24.056792    21.916408
122    122    1656052124354636062    11.087001    11.117673    10.789104    1.000000    1.000000    1.000000    24.066118    23.935786    22.913676
123    123    1656052124447511806    11.084345    11.128871    10.767074    1.000000    1.000000    1.000000    24.031774    23.769608    19.929339
124    124    1656052124532033653    11.089946    11.148830    11.831261    1.000000    1.000000    1.000000    24.067181    23.813056    28.753487
125    125    1656052124614229646    11.097736    11.159629    12.166043    1.000000    1.000000    1.000000    24.066034    23.816669    23.908829
126    126    1656052124707291846    11.094873    11.133182    10.745501    1.000000    1.000000    1.000000    24.099599    23.990879    28.194480
127    127    1656052124817653514    11.075452    11.066771    9.061117    1.000000    1.000000    1.000000    24.102054    23.965124    24.356730
128    128    1656052124912922922    11.070719    11.048809    10.496549    1.000000    1.000000    1.000000    24.116601    24.072660    25.881322
129    129    1656052125000256622    11.073543    11.051435    11.450334    1.000000    1.000000    1.000000    24.115443    23.999260    23.960857
130    130    1656052125094208129    11.070131    11.036882    10.643789    1.000000    1.000000    1.000000    24.079432    23.911382    19.579660
131    131    1656052125211479289    11.045178    10.979750    8.527246    1.000000    1.000000    1.000000    24.072846    23.984708    23.408289
132    132    1656052125311299055    11.036670    10.948950    10.018056    1.000000    1.000000    1.000000    24.086030    23.936513    25.664542
133    133    1656052125408352257    11.030814    10.938586    10.303627    1.000000    1.000000    1.000000    24.089911    23.951576    24.571736
134    134    1656052125498331553    11.031423    10.955317    11.113668    1.000000    1.000000    1.000000    24.083348    24.006375    23.197339
135    135    1656052125593693919    11.027208    10.947977    10.486317    1.000000    1.000000    1.000000    24.048195    24.016351    19.537038
136    136    1656052125676054113    11.034602    10.966884    12.141788    1.000000    1.000000    1.000000    24.081622    24.051238    29.087230
137    137    1656052125763111641    11.037750    10.971586    11.486657    1.000000    1.000000    1.000000    24.075360    24.045347    23.182240
138    138    1656052125864160209    11.028597    10.928820    9.896231    1.000000    1.000000    1.000000    24.033898    24.009918    18.903952
139    139    1656052125957438197    11.026335    10.902834    10.720643    1.000000    1.000000    1.000000    24.067489    24.055922    28.606266
140    140    1656052126051452888    11.023471    10.899688    10.636636    1.000000    1.000000    1.000000    24.070949    24.133629    24.538142
141    141    1656052126139112757    11.026086    10.894861    11.407729    1.000000    1.000000    1.000000    24.048934    23.971209    20.836651
142    142    1656052126224425218    11.030663    10.895020    11.721617    1.000000    1.000000    1.000000    24.071210    24.020860    27.433907
143    143    1656052126309868626    11.035070    10.894805    11.703653    1.000000    1.000000    1.000000    24.055689    24.049484    21.700761
144    144    1656052126402618334    11.033282    10.918795    10.781705    1.000000    1.000000    1.000000    24.076470    24.071958    27.000327
145    145    1656052126495711258    11.031233    10.916595    10.741955    1.000000    1.000000    1.000000    24.070239    24.022360    23.190533
146    146    1656052126588351276    11.029587    10.916705    10.794471    1.000000    1.000000    1.000000    24.034614    23.950575    18.945008
147    147    1656052126680168318    11.028640    10.923840    10.891224    1.000000    1.000000    1.000000    24.047326    24.079133    25.892583
148    148    1656052126766526713    11.032164    10.926129    11.579650    1.000000    1.000000    1.000000    24.035213    23.958606    22.152866
149    149    1656052126848913625    11.038867    10.946362    12.137850    1.000000    1.000000    1.000000    24.068297    24.055712    29.491924
150    150    1656052126939518761    11.038854    10.927359    11.036902    1.000000    1.000000    1.000000    24.058701    24.081607    22.619451
151    151    1656052127027257597    11.041140    10.928211    11.397461    1.000000    1.000000    1.000000    24.020906    23.909998    18.128531
152    152    1656052127116713344    11.042028    10.918130    11.178712    1.000000    1.000000    1.000000    24.021963    23.929804    24.184608
153    153    1656052127202898805    11.045495    10.921197    11.602885    1.000000    1.000000    1.000000    23.993755    23.731339    19.458769
154    154    1656052127294177511    11.044909    10.909040    10.955458    1.000000    1.000000    1.000000    23.999649    23.722983    24.899862
155    155    1656052127381744524    11.047234    10.910841    11.419825    1.000000    1.000000    1.000000    23.979307    23.717548    20.719344
156    156    1656052127469882119    11.049087    10.920379    11.345896    1.000000    1.000000    1.000000    23.997437    23.696433    26.902183
157    157    1656052127565407468    11.045209    10.907027    10.468426    1.000000    1.000000    1.000000    23.983126    23.648690    21.854372
158    158    1656052127665033837    11.038240    10.907244    10.037503    1.000000    1.000000    1.000000    23.943588    23.616367    18.266491
159    159    1656052127751321236    11.041520    10.960892    11.589178    1.000000    1.000000    1.000000    23.964472    23.627063    27.450733
160    160    1656052127838501350    11.044086    10.957394    11.470506    1.000000    1.000000    1.000000    23.956756    23.513441    22.674272
161    161    1656052127925492424    11.046763    10.975069    11.495432    1.000000    1.000000    1.000000    23.986745    23.639377    29.012215
162    162    1656052128013365452    11.048748    10.966324    11.380056    1.000000    1.000000    1.000000    23.982148    23.710591    23.215065
163    163    1656052128100579094    11.051201    10.953457    11.466096    1.000000    1.000000    1.000000    23.949655    23.559788    18.453248
164    164    1656052128186002130    11.054951    10.964702    11.706444    1.000000    1.000000    1.000000    23.952496    23.651512    24.446062
165    165    1656052128271882451    11.058322    10.973146    11.644111    1.000000    1.000000    1.000000    23.923097    23.504046    18.813654
166    166    1656052128358207130    11.061328    10.985818    11.584173    1.000000    1.000000    1.000000    23.929591    23.549252    25.058975
167    167    1656052128454064911    11.057359    10.961767    10.432121    1.000000    1.000000    1.000000    23.902920    23.536286    19.702217
168    168    1656052128540404846    11.060324    10.972121    11.582126    1.000000    1.000000    1.000000    23.927731    23.574806    28.293641
169    169    1656052128636191248    11.056459    10.948521    10.439895    1.000000    1.000000    1.000000    23.917055    23.573505    22.214089
170    170    1656052128732578707    11.052212    10.922774    10.374794    1.000000    1.000000    1.000000    23.887945    23.390338    19.244406
171    171    1656052128828428836    11.048399    10.949355    10.432954    1.000000    1.000000    1.000000    23.905941    23.496659    26.810858
172    172    1656052128918789929    11.048505    10.954933    11.066710    1.000000    1.000000    1.000000    23.906900    23.519888    24.071985
173    173    1656052129002455357    11.053309    10.977084    11.952368    1.000000    1.000000    1.000000    23.885637    23.526725    19.906267
174    174    1656052129086485110    11.057807    10.978271    11.900547    1.000000    1.000000    1.000000    23.894868    23.468425    25.624236
175    175    1656052129178951488    11.056396    10.953569    10.814742    1.000000    1.000000    1.000000    23.868884    23.378518    19.421518
176    176    1656052129264756825    11.059601    10.971012    11.654287    1.000000    1.000000    1.000000    23.885932    23.349277    27.048700
177    177    1656052129351394638    11.062200    11.028419    11.542304    1.000000    1.000000    1.000000    23.872043    23.285717    21.306485
178    178    1656052129437683703    11.065010    11.050308    11.588954    1.000000    1.000000    1.000000    23.893242    23.318038    27.846310
179    179    1656052129523156070    11.068346    11.054855    11.699688    1.000000    1.000000    1.000000    23.884645    23.285585    22.257542
180    180    1656052129619210709    11.064484    11.049718    10.410741    1.000000    1.000000    1.000000    23.902615    23.440211    26.945037
181    181    1656052129714662292    11.061073    11.103257    10.476516    1.000000    1.000000    1.000000    23.902115    23.449017    23.816425
182    182    1656052129824113930    11.048356    11.079559    9.136455    1.000000    1.000000    1.000000    23.877925    23.322215    20.241397
183    183    1656052129916626783    11.047028    11.090718    10.809309    1.000000    1.000000    1.000000    23.857799    23.232359    20.254259
184    184    1656052130004186629    11.048982    11.096673    11.420760    1.000000    1.000000    1.000000    23.876204    23.313606    27.377341
185    185    1656052130086867853    11.054120    11.127991    12.094644    1.000000    1.000000    1.000000    23.869446    23.378806    22.501029
186    186    1656052130168759378    11.059725    11.129152    12.211276    1.000000    1.000000    1.000000    23.889279    23.357743    27.964299
187    187    1656052130262284731    11.057704    11.113153    10.692288    1.000000    1.000000    1.000000    23.870493    23.301197    20.474191
188    188    1656052130349700335    11.059657    11.146930    11.439605    1.000000    1.000000    1.000000    23.891388    23.490957    27.955256
189    189    1656052130437033959    11.061644    11.161722    11.450344    1.000000    1.000000    1.000000    23.883874    23.363437    22.413572
190    190    1656052130521940404    11.065166    11.184463    11.777669    1.000000    1.000000    1.000000    23.906659    23.436596    28.516135
191    191    1656052130606734112    11.068725    11.191638    11.793328    1.000000    1.000000    1.000000    23.900021    23.470758    22.548693
192    192    1656052130692648348    11.071538    11.190130    11.639515    1.000000    1.000000    1.000000    23.920587    23.483579    28.072940
193    193    1656052130784144517    11.070796    11.174993    10.929419    1.000000    1.000000    1.000000    23.911024    23.489106    22.088981
194    194    1656052130883564152    11.065085    11.158358    10.058375    1.000000    1.000000    1.000000    23.872090    23.272669    17.009729
195    195    1656052130987089395    11.056876    11.132441    9.659480    1.000000    1.000000    1.000000    23.871409    23.285500    23.755458
196    196    1656052131087900977    11.050444    11.112224    9.919495    1.000000    1.000000    1.000000    23.860404    23.344391    21.925329
197    197    1656052131172086800    11.054336    11.131102    11.878485    1.000000    1.000000    1.000000    23.842141    23.229149    19.974617
198    198    1656052131254314979    11.059394    11.141345    12.161281    1.000000    1.000000    1.000000    23.850954    23.296429    25.770723
199    199    1656052131336494728    11.064437    11.141860    12.168448    1.000000    1.000000    1.000000    23.829963    23.108288    19.233783
200    200    1656052131437877706    11.057739    11.115165    9.863589    1.000000    1.000000    1.000000    23.826034    23.118525    23.125612
201    201    1656052131524042300    11.060324    11.119056    11.605695    1.000000    1.000000    1.000000    23.812156    23.173079    20.884443
202    202    1656052131608864917    11.063694    11.130524    11.789309    1.000000    1.000000    1.000000    23.826635    23.224140    26.944010
203    203    1656052131694289871    11.066672    11.132408    11.706181    1.000000    1.000000    1.000000    23.811004    23.243700    20.453665
204    204    1656052131785277890    11.066297    11.133129    10.990458    1.000000    1.000000    1.000000    23.823111    23.271474    26.276076
205    205    1656052131870791888    11.069181    11.138221    11.693992    1.000000    1.000000    1.000000    23.814710    23.296937    21.994754
206    206    1656052131976111334    11.060322    11.095752    9.494923    1.000000    1.000000    1.000000    23.823928    23.276806    25.452698
207    207    1656052132069876963    11.058351    11.100086    10.664889    1.000000    1.000000    1.000000    23.829062    23.339801    24.853930
208    208    1656052132161851476    11.057447    11.118975    10.872577    1.000000    1.000000    1.000000    23.814724    23.401939    20.882462
209    209    1656052132250074693    11.058736    11.114189    11.334885    1.000000    1.000000    1.000000    23.833366    23.411067    27.827336
210    210    1656052132332124374    11.063593    11.126879    12.187738    1.000000    1.000000    1.000000    23.830123    23.419310    23.079636
211    211    1656052132415278568    11.067771    11.136388    12.025852    1.000000    1.000000    1.000000    23.848470    23.396828    28.056406
212    212    1656052132504520559    11.068409    11.132993    11.205487    1.000000    1.000000    1.000000    23.836495    23.358045    21.266078
213    213    1656052132594933385    11.068372    11.125069    11.060378    1.000000    1.000000    1.000000    23.852097    23.529968    27.172993
214    214    1656052132688625775    11.066466    11.104637    10.673225    1.000000    1.000000    1.000000    23.843686    23.482999    22.107987
215    215    1656052132774447721    11.069042    11.104781    11.652031    1.000000    1.000000    1.000000    23.819074    23.472269    18.247548
216    216    1656052132862786136    11.070173    11.099816    11.320103    1.000000    1.000000    1.000000    23.817617    23.442319    23.495571
217    217    1656052132956193650    11.068445    11.105857    10.705777    1.000000    1.000000    1.000000    23.787448    23.397759    17.456349
218    218    1656052133059047575    11.061453    11.065269    9.722526    1.000000    1.000000    1.000000    23.781653    23.287692    22.672049
219    219    1656052133151023548    11.060578    11.074608    10.872405    1.000000    1.000000    1.000000    23.766383    23.253258    20.479326
220    220    1656052133240590140    11.061046    11.091365    11.164877    1.000000    1.000000    1.000000    23.773201    23.379384    25.287247
221    221    1656052133341636601    11.055186    11.078595    9.896438    1.000000    1.000000    1.000000    23.749321    23.209075    19.027568
222    222    1656052133429352105    11.056688    11.085093    11.400493    1.000000    1.000000    1.000000    23.763971    23.267802    27.117921
223    223    1656052133511633603    11.061144    11.088494    12.153401    1.000000    1.000000    1.000000    23.758073    23.312735    22.312142
224    224    1656052133602178118    11.061069    11.072497    11.044291    1.000000    1.000000    1.000000    23.767987    23.323313    25.985497
225    225    1656052133694580270    11.059989    11.072655    10.822259    1.000000    1.000000    1.000000    23.757301    23.363951    21.404742
226    226    1656052133787544304    11.058616    11.055129    10.756848    1.000000    1.000000    1.000000    23.778390    23.397846    28.413994
227    227    1656052133882596210    11.056136    11.034600    10.520568    1.000000    1.000000    1.000000    23.775609    23.433157    23.174915
228    228    1656052133975683425    11.054727    11.018070    10.742614    1.000000    1.000000    1.000000    23.754804    23.261296    19.145772
229    229    1656052134063114589    11.056336    11.013317    11.437569    1.000000    1.000000    1.000000    23.762728    23.326008    25.640288
230    230    1656052134178740876    11.043027    10.966043    8.648552    1.000000    1.000000    1.000000    23.730779    23.114267    17.982802
231    231    1656052134268538015    11.043425    10.979659    11.136212    1.000000    1.000000    1.000000    23.706076    22.997747    17.951569
232    232    1656052134357706178    11.044149    11.028782    11.214765    1.000000    1.000000    1.000000    23.707882    23.086625    24.133238
233    233    1656052134446875234    11.044867    11.036922    11.214653    1.000000    1.000000    1.000000    23.683040    23.040518    17.805589
234    234    1656052134529064095    11.049204    11.050023    12.167099    1.000000    1.000000    1.000000    23.685878    22.981606    24.417371
235    235    1656052134611022367    11.053626    11.051789    12.201331    1.000000    1.000000    1.000000    23.661009    22.885783    17.207273
236    236    1656052134715066571    11.046632    10.997937    9.611299    1.000000    1.000000    1.000000    23.646397    22.743095    20.648103
237    237    1656052134805477631    11.046690    11.005476    11.060594    1.000000    1.000000    1.000000    23.627320    22.717307    19.100182
238    238    1656052134892699534    11.048377    11.005945    11.465010    1.000000    1.000000    1.000000    23.636604    22.678199    25.929929
239    239    1656052134983008200    11.048480    10.998742    11.073134    1.000000    1.000000    1.000000    23.620582    22.625764    19.782820
240    240    1656052135079570869    11.045415    10.970613    10.355969    1.000000    1.000000    1.000000    23.629534    22.579964    25.643412
241    241    1656052135165669350    11.047652    10.967473    11.614607    1.000000    1.000000    1.000000    23.624846    22.577840    22.436664
242    242    1656052135256932580    11.047278    10.954619    10.957315    1.000000    1.000000    1.000000    23.639585    22.566370    27.177272
243    243    1656052135358553146    11.041728    10.930374    9.840528    1.000000    1.000000    1.000000    23.631722    22.561777    21.929770
244    244    1656052135455518567    11.038544    10.936242    10.312955    1.000000    1.000000    1.000000    23.606650    22.583487    17.892825
245    245    1656052135550078378    11.036579    10.957730    10.575317    1.000000    1.000000    1.000000    23.608778    22.588493    24.108160
246    246    1656052135650146326    11.031916    10.959517    9.993210    1.000000    1.000000    1.000000    23.590186    22.534287    19.449065
247    247    1656052135739737440    11.032434    10.946547    11.161821    1.000000    1.000000    1.000000    23.606743    22.683658    27.744456
248    248    1656052135833242730    11.031034    10.919587    10.694582    1.000000    1.000000    1.000000    23.603219    22.629698    22.756013
249    249    1656052135921806157    11.032051    10.904385    11.291343    1.000000    1.000000    1.000000    23.585020    22.619424    18.946630
250    250    1656052136008701933    11.033870    10.938946    11.508039    1.000000    1.000000    1.000000    23.591087    22.656745    25.173133
251    251    1656052136094080911    11.036407    10.940826    11.712485    1.000000    1.000000    1.000000    23.574331    22.623899    19.109994
252    252    1656052136178952379    11.039170    10.940709    11.782523    1.000000    1.000000    1.000000    23.578936    22.584459    24.817801
253    253    1656052136275687747    11.036221    10.913699    10.337481    1.000000    1.000000    1.000000    23.555990    22.529915    18.119615
254    254    1656052136361300197    11.038609    10.926520    11.680544    1.000000    1.000000    1.000000    23.563685    22.513473    25.632464
255    255    1656052136449203704    11.039888    10.920817    11.376110    1.000000    1.000000    1.000000    23.547999    22.463876    19.425625
256    256    1656052136537314222    11.041060    10.962021    11.349383    1.000000    1.000000    1.000000    23.555058    22.451829    25.412809
257    257    1656052136621203261    11.044218    10.985808    11.920508    1.000000    1.000000    1.000000    23.540641    22.348678    19.540350
258    258    1656052136703385582    11.048158    11.009496    12.168067    1.000000    1.000000    1.000000    23.545184    22.423394    24.836701
259    259    1656052136792450865    11.048837    11.007455    11.227719    1.000000    1.000000    1.000000    23.523723    22.229254    17.874990
260    260    1656052136877145856    11.051557    11.001048    11.807074    1.000000    1.000000    1.000000    23.527294    22.256576    24.519279
261    261    1656052136966133002    11.052255    10.986948    11.237578    1.000000    1.000000    1.000000    23.505365    22.061220    17.685605
262    262    1656052137048902264    11.055837    11.002597    12.081780    1.000000    1.000000    1.000000    23.507734    22.115542    24.186419
263    263    1656052137131128564    11.059646    11.022453    12.161559    1.000000    1.000000    1.000000    23.484493    21.917675    16.760742
264    264    1656052137213086304    11.063553    11.051042    12.201410    1.000000    1.000000    1.000000    23.478625    21.911050    21.769508
265    265    1656052137295223453    11.067350    11.060049    12.174759    1.000000    1.000000    1.000000    23.488306    22.060544    26.311271
266    266    1656052137383887018    11.068126    11.059254    11.278590    1.000000    1.000000    1.000000    23.470424    21.965092    18.623028
267    267    1656052137467608382    11.071157    11.082997    11.944383    1.000000    1.000000    1.000000    23.474422    22.107834    24.626541
268    268    1656052137549862790    11.074836    11.133836    12.157403    1.000000    1.000000    1.000000    23.454579    22.012621    17.615026
269    269    1656052137631912332    11.078582    11.158501    12.187758    1.000000    1.000000    1.000000    23.450507    22.048350    22.245040
270    270    1656052137713882303    11.082340    11.177450    12.199590    1.000000    1.000000    1.000000    23.459323    22.057385    26.080495
271    271    1656052137798386286    11.084928    11.218939    11.833762    1.000000    1.000000    1.000000    23.442057    22.057594    18.445472
272    272    1656052137882669984    11.087597    11.227584    11.864691    1.000000    1.000000    1.000000    23.442634    21.987315    23.610618
273    273    1656052137968978740    11.089339    11.217440    11.586310    1.000000    1.000000    1.000000    23.459301    22.101889    28.214051
274    274    1656052138056452615    11.090548    11.225173    11.431985    1.000000    1.000000    1.000000    23.453661    22.018206    21.860601
275    275    1656052138138589883    11.094127    11.251101    12.174741    1.000000    1.000000    1.000000    23.468147    22.138587    27.841250
276    276    1656052138223788892    11.096322    11.270795    11.737226    1.000000    1.000000    1.000000    23.456435    21.966712    20.036527
277    277    1656052138305852751    11.099892    11.303889    12.185632    1.000000    1.000000    1.000000    23.462410    22.002222    25.280129
278    278    1656052138388043532    11.103381    11.331804    12.166815    1.000000    1.000000    1.000000    23.443270    21.980684    17.610840
279    279    1656052138471390214    11.106339    11.342303    11.998078    1.000000    1.000000    1.000000    23.439169    21.912300    22.202742
280    280    1656052138553412697    11.109859    11.429428    12.191779    1.000000    1.000000    1.000000    23.450641    22.111117    26.976841
281    281    1656052138638416345    11.112051    11.441966    11.764201    1.000000    1.000000    1.000000    23.436722    22.141811    19.294898
282    282    1656052138720643514    11.115440    11.460170    12.161430    1.000000    1.000000    1.000000    23.439902    22.144077    24.421584
283    283    1656052138809260550    11.116027    11.461619    11.284512    1.000000    1.000000    1.000000    23.417705    22.129082    17.040412
284    284    1656052138891690159    11.119293    11.460987    12.131563    1.000000    1.000000    1.000000    23.417395    22.108498    23.321271
285    285    1656052138979512308    11.120205    11.445602    11.386649    1.000000    1.000000    1.000000    23.430417    22.303431    27.230938
286    286    1656052139061741166    11.123523    11.503047    12.161181    1.000000    1.000000    1.000000    23.424301    22.328070    21.511424
287    287    1656052139143779050    11.126902    11.525248    12.189490    1.000000    1.000000    1.000000    23.432539    22.465216    26.023193
288    288    1656052139230740994    11.128149    11.525938    11.499283    1.000000    1.000000    1.000000    23.415478    22.312808    18.337510
289    289    1656052139313260491    11.131285    11.546671    12.118348    1.000000    1.000000    1.000000    23.416254    22.391254    23.660513
290    290    1656052139396314178    11.134174    11.582807    12.040405    1.000000    1.000000    1.000000    23.432037    22.433783    28.382844
291    291    1656052139478913055    11.137238    11.592204    12.106702    1.000000    1.000000    1.000000    23.424539    22.407269    21.052243
292    292    1656052139560814198    11.140578    11.617420    12.209842    1.000000    1.000000    1.000000    23.431767    22.369646    25.745447
293    293    1656052139642750317    11.143883    11.670798    12.204630    1.000000    1.000000    1.000000    23.415492    22.300171    18.191483
294    294    1656052139724681044    11.147169    11.711899    12.205433    1.000000    1.000000    1.000000    23.411952    22.399736    22.272084
295    295    1656052139816537215    11.146268    11.719321    10.886585    1.000000    1.000000    1.000000    23.421715    22.444431    26.234384
296    296    1656052139899816507    11.148961    11.765619    12.007787    1.000000    1.000000    1.000000    23.416519    22.501545    21.759717
297    297    1656052139986170865    11.150354    11.774587    11.580191    1.000000    1.000000    1.000000    23.425206    22.464207    26.104907
298    298    1656052140069403803    11.153037    11.803139    12.014474    1.000000    1.000000    1.000000    23.414205    22.407033    19.882107
299    299    1656052140151585821    11.156139    11.820947    12.168112    1.000000    1.000000    1.000000    23.418040    22.523434    24.668946
300    300    1656052140233535933    11.159319    11.834785    12.202546    1.000000    1.000000    1.000000    23.397815    22.357168    16.761371
301    301    1656052140315587170    11.162437    11.844113    12.187507    1.000000    1.000000    1.000000    23.390248    22.394570    20.902645
302    302    1656052140399128943    11.164923    11.847846    11.970060    1.000000    1.000000    1.000000    23.395686    22.400513    25.156559
303    303    1656052140484543510    11.166626    11.879714    11.707605    1.000000    1.000000    1.000000    23.378331    22.406848    17.864387
304    304    1656052140566516013    11.169726    11.889996    12.199213    1.000000    1.000000    1.000000    23.377509    22.354775    23.104344
305    305    1656052140648674175    11.172731    11.906263    12.171645    1.000000    1.000000    1.000000    23.389514    22.514392    27.379516
306    306    1656052140730422258    11.175885    11.924329    12.232703    1.000000    1.000000    1.000000    23.378931    22.401217    19.833344
307    307    1656052140816042189    11.177450    11.919409    11.679524    1.000000    1.000000    1.000000    23.381959    22.498277    24.353489
308    308    1656052140898876924    11.180132    11.917556    12.072230    1.000000    1.000000    1.000000    23.365294    22.360139    17.821718
309    309    1656052140989790787    11.179540    11.912307    10.999423    1.000000    1.000000    1.000000    23.360398    22.444737    21.871960
310    310    1656052141074007888    11.181643    11.913663    11.874073    1.000000    1.000000    1.000000    23.375356    22.520372    28.300212
311    311    1656052141164629209    11.181166    11.909025    11.034931    1.000000    1.000000    1.000000    23.366921    22.585238    20.778053
312    312    1656052141247059447    11.183965    11.909987    12.131470    1.000000    1.000000    1.000000    23.377223    22.637700    26.864869
313    313    1656052141329271996    11.186834    11.910027    12.163593    1.000000    1.000000    1.000000    23.365256    22.687278    19.291441
314    314    1656052141412220941    11.189394    11.907215    12.055608    1.000000    1.000000    1.000000    23.366392    22.726196    23.750667
315    315    1656052141494597420    11.192166    11.906536    12.139388    1.000000    1.000000    1.000000    23.380998    22.766833    28.372410
316    316    1656052141576663322    11.195044    11.925272    12.185329    1.000000    1.000000    1.000000    23.372690    22.810374    20.514400
317    317    1656052141661559828    11.196790    11.921930    11.779048    1.000000    1.000000    1.000000    23.376261    22.809687    24.567482
318    318    1656052141743365889    11.199740    11.923205    12.224033    1.000000    1.000000    1.000000    23.357844    22.797542    16.963980
319    319    1656052141830161838    11.200717    11.909725    11.521275    1.000000    1.000000    1.000000    23.352733    22.785143    21.675524
320    320    1656052141918789010    11.200972    11.890870    11.283221    1.000000    1.000000    1.000000    23.361526    22.792789    26.195750
321    321    1656052142001249974    11.203629    11.896650    12.126950    1.000000    1.000000    1.000000    23.353935    22.839449    20.715886
322    322    1656052142083659340    11.206291    11.901958    12.134543    1.000000    1.000000    1.000000    23.358739    22.867030    25.034161
323    323    1656052142165266240    11.209248    11.915294    12.253866    1.000000    1.000000    1.000000    23.342062    22.651742    17.451886
324    324    1656052142252377170    11.210061    11.916326    11.479616    1.000000    1.000000    1.000000    23.334463    22.630064    20.813109
325    325    1656052142334421374    11.212822    11.916589    12.188551    1.000000    1.000000    1.000000    23.343804    22.606549    26.644602
326    326    1656052142417275141    11.215256    11.923253    12.069457    1.000000    1.000000    1.000000    23.331331    22.586604    18.954293
327    327    1656052142499366224    11.217969    11.923176    12.181591    1.000000    1.000000    1.000000    23.331291    22.548193    23.317070
328    328    1656052142581135001    11.220791    11.924376    12.229607    1.000000    1.000000    1.000000    23.342359    22.737640    27.300149
329    329    1656052142662868857    11.223610    11.928964    12.234832    1.000000    1.000000    1.000000    23.331840    22.686278    19.558257
330    330    1656052142744641377    11.226398    11.929676    12.229047    1.000000    1.000000    1.000000    23.332802    22.621677    23.678851
331    331    1656052142834205305    11.226213    11.916711    11.165209    1.000000    1.000000    1.000000    23.344401    22.786009    27.162724
332    332    1656052142922340206    11.226569    11.899955    11.346243    1.000000    1.000000    1.000000    23.338161    22.721665    21.244427
333    333    1656052143004892686    11.229031    11.917156    12.113506    1.000000    1.000000    1.000000    23.348362    22.926108    27.013622
334    334    1656052143087551765    11.231439    11.916504    12.097885    1.000000    1.000000    1.000000    23.336972    22.845692    19.238177
335    335    1656052143169482530    11.234107    11.933258    12.205427    1.000000    1.000000    1.000000    23.336754    22.761832    23.257656
336    336    1656052143251352567    11.236783    11.934280    12.214481    1.000000    1.000000    1.000000    23.348562    22.882134    27.662251
337    337    1656052143333355758    11.239395    11.934380    12.194647    1.000000    1.000000    1.000000    23.338084    22.754544    19.505928
338    338    1656052143418346185    11.240879    11.939999    11.766031    1.000000    1.000000    1.000000    23.338414    22.860492    23.455221
339    339    1656052143501133546    11.243174    11.939235    12.079139    1.000000    1.000000    1.000000    23.352300    22.954447    28.410747
340    340    1656052143583111958    11.245756    11.942302    12.198333    1.000000    1.000000    1.000000    23.345670    22.806530    20.899623
341    341    1656052143665753273    11.248080    11.942180    12.100485    1.000000    1.000000    1.000000    23.350034    22.883474    24.951342
342    342    1656052143751513920    11.249239    11.931182    11.660360    1.000000    1.000000    1.000000    23.332646    22.710579    17.168143
343    343    1656052143835780541    11.250942    11.924550    11.867095    1.000000    1.000000    1.000000    23.329589    22.789094    22.223279
344    344    1656052143923454334    11.251385    11.908240    11.405917    1.000000    1.000000    1.000000    23.337880    22.871016    26.229293
345    345    1656052144010780445    11.251953    11.921102    11.451329    1.000000    1.000000    1.000000    23.327857    22.733593    19.808478
346    346    1656052144094454822    11.253850    11.919978    11.951090    1.000000    1.000000    1.000000    23.332891    22.801790    25.183070
347    347    1656052144176431989    11.256355    11.932430    12.198519    1.000000    1.000000    1.000000    23.317189    22.628255    17.411033
348    348    1656052144258402795    11.258849    11.936027    12.199465    1.000000    1.000000    1.000000    23.313136    22.666312    21.784653
349    349    1656052144340619985    11.261241    11.935926    12.162907    1.000000    1.000000    1.000000    23.319860    22.689609    25.855085
350    350    1656052144424242668    11.263112    11.931162    11.958478    1.000000    1.000000    1.000000    23.305747    22.713163    18.060338
351    351    1656052144506427449    11.265491    11.930781    12.167703    1.000000    1.000000    1.000000    23.304096    22.747917    22.677794
352    352    1656052144592721650    11.266380    11.922951    11.588264    1.000000    1.000000    1.000000    23.311848    22.769300    26.118861
353    353    1656052144675883344    11.268387    11.929359    12.024767    1.000000    1.000000    1.000000    23.301003    22.798736    19.215114
354    354    1656052144778213873    11.263530    11.871696    9.772255    1.000000    1.000000    1.000000    23.297446    22.778369    22.205278
355    355    1656052144880216034    11.258821    11.816024    9.803714    1.000000    1.000000    1.000000    23.283797    22.599559    19.066500
356    356    1656052144969136434    11.258785    11.796031    11.246013    1.000000    1.000000    1.000000    23.294219    22.745228    27.000316
357    357    1656052145052078253    11.260866    11.803488    12.056644    1.000000    1.000000    1.000000    23.288139    22.677840    20.963726
358    358    1656052145134362803    11.263169    11.805020    12.152950    1.000000    1.000000    1.000000    23.293061    22.821705    25.194525
359    359    1656052145219766853    11.264361    11.820398    11.709047    1.000000    1.000000    1.000000    23.276936    22.729808    17.259123
360    360    1656052145302470859    11.266495    11.824628    12.091313    1.000000    1.000000    1.000000    23.274076    22.607888    22.168637
361    361    1656052145386197172    11.268260    11.843941    11.943677    1.000000    1.000000    1.000000    23.282278    22.722799    26.421302
362    362    1656052145468971864    11.270349    11.842975    12.080987    1.000000    1.000000    1.000000    23.271897    22.573704    19.243013
363    363    1656052145551053872    11.272669    11.843340    12.182938    1.000000    1.000000    1.000000    23.272913    22.658962    23.671365
364    364    1656052145633342280    11.274905    11.845194    12.152380    1.000000    1.000000    1.000000    23.284412    22.737668    27.796789
365    365    1656052145715377177    11.277218    11.846152    12.189934    1.000000    1.000000    1.000000    23.276475    22.577288    20.144194
366    366    1656052145803085123    11.277552    11.830338    11.401476    1.000000    1.000000    1.000000    23.279561    22.655618    24.421593
367    367    1656052145893410763    11.276981    11.815162    11.071054    1.000000    1.000000    1.000000    23.263859    22.509497    17.606651
368    368    1656052145981928937    11.277035    11.796451    11.297115    1.000000    1.000000    1.000000    23.263955    22.633029    23.299610
369    369    1656052146075684292    11.275290    11.777114    10.666057    1.000000    1.000000    1.000000    23.245591    22.524592    16.836278
370    370    1656052146180356345    11.269816    11.732773    9.553648    1.000000    1.000000    1.000000    23.239578    22.419506    21.354597
371    371    1656052146262569348    11.272042    11.733456    12.163526    1.000000    1.000000    1.000000    23.230788    22.400214    19.710792
372    372    1656052146344558162    11.274334    11.734613    12.196786    1.000000    1.000000    1.000000    23.232125    22.375639    23.770481
373    373    1656052146432531666    11.274580    11.717105    11.367059    1.000000    1.000000    1.000000    23.242236    22.566056    27.044636
374    374    1656052146514653788    11.276808    11.730820    12.176987    1.000000    1.000000    1.000000    23.236423    22.569556    20.888319
375    375    1656052146596768331    11.279028    11.730627    12.178111    1.000000    1.000000    1.000000    23.240499    22.535848    24.891392
376    376    1656052146696580887    11.275266    11.684138    10.018780    1.000000    1.000000    1.000000    23.219653    22.458748    16.257280
377    377    1656052146809458397    11.267137    11.600680    8.859161    1.000000    1.000000    1.000000    23.215429    22.429445    21.964057
378    378    1656052146968275352    11.243718    11.396946    6.296557    1.000000    1.000000    1.000000    23.193713    22.200268    18.606433
379    379    1656052147136216795    11.217496    11.177311    5.954456    1.000000    1.000000    1.000000    23.183328    22.207196    21.098997
380    380    1656052147252574095    11.208516    11.091558    8.594218    1.000000    1.000000    1.000000    23.172096    22.120998    19.901930
381    381    1656052147426580924    11.180700    10.887611    5.746901    1.000000    1.000000    1.000000    23.134309    21.781376    15.752766
382    382    1656052147553297582    11.168546    10.796904    7.891622    1.000000    1.000000    1.000000    23.134915    21.833100    23.298204
383    383    1656052147688284235    11.153802    10.676023    7.408140    1.000000    1.000000    1.000000    23.134208    21.774110    22.954653
384    384    1656052147820730825    11.139992    10.563725    7.550213    1.000000    1.000000    1.000000    23.108383    21.667886    16.395354
385    385    1656052147939721279    11.130605    10.481655    8.404036    1.000000    1.000000    1.000000    23.091653    21.554888    18.232510
386    386    1656052148069297326    11.117899    10.377869    7.717476    1.000000    1.000000    1.000000    23.072906    21.357001    18.055803
387    387    1656052148183225550    11.110264    10.309556    8.777456    1.000000    1.000000    1.000000    23.060860    21.341861    19.380156
388    388    1656052148279478021    11.108282    10.285670    10.389344    1.000000    1.000000    1.000000    23.048786    21.251976    18.668352
389    389    1656052148362452155    11.110513    10.285275    12.051949    1.000000    1.000000    1.000000    23.055202    21.207052    25.762658
390    390    1656052148446263648    11.112469    10.281399    11.931538    1.000000    1.000000    1.000000    23.042060    21.149007    17.538283
391    391    1656052148528101048    11.115037    10.283098    12.219352    1.000000    1.000000    1.000000    23.039562    21.098126    21.965598
392    392    1656052148610046452    11.117560    10.291174    12.203247    1.000000    1.000000    1.000000    23.046794    21.252856    26.159072
393    393    1656052148692357043    11.119956    10.295319    12.149105    1.000000    1.000000    1.000000    23.035090    21.181033    18.008616
394    394    1656052148775417406    11.122107    10.305107    12.039437    1.000000    1.000000    1.000000    23.034008    21.113633    22.572475
395    395    1656052148889694288    11.114501    10.248182    8.750676    1.000000    1.000000    1.000000    23.031324    21.162372    22.197150
396    396    1656052148978590335    11.114836    10.237226    11.249094    1.000000    1.000000    1.000000    23.029824    21.116541    22.428843
397    397    1656052149060674005    11.117284    10.237003    12.182691    1.000000    1.000000    1.000000    23.042586    21.304425    28.595566
398    398    1656052149143029936    11.119637    10.236196    12.142416    1.000000    1.000000    1.000000    23.036219    21.278904    20.268734
399    399    1656052149224827722    11.122151    10.237075    12.225270    1.000000    1.000000    1.000000    23.039307    21.254039    24.393831
400    400    1656052149306893831    11.124572    10.240338    12.185298    1.000000    1.000000    1.000000    23.051256    21.426958    28.287830
401    401    1656052149392832043    11.125789    10.232472    11.636267    1.000000    1.000000    1.000000    23.044754    21.386404    20.317303
402    402    1656052149475938532    11.127870    10.239152    12.032755    1.000000    1.000000    1.000000    23.049560    21.366643    25.139233
403    403    1656052149557798765    11.130324    10.241881    12.215944    1.000000    1.000000    1.000000    23.037038    21.338408    17.497043
404    404    1656052149639644614    11.132771    10.285038    12.218091    1.000000    1.000000    1.000000    23.033481    21.322144    21.456232
405    405    1656052149730566729    11.132436    10.308533    10.998424    1.000000    1.000000    1.000000    23.037350    21.430750    24.585345
406    406    1656052149864637605    11.118981    10.213459    7.458741    1.000000    1.000000    1.000000    23.016180    21.215294    17.257445
407    407    1656052149953704268    11.119244    10.200697    11.227545    1.000000    1.000000    1.000000    23.008901    21.197787    20.017568
408    408    1656052150038195823    11.120890    10.196105    11.835502    1.000000    1.000000    1.000000    23.014619    21.204813    25.497908
409    409    1656052150120346093    11.123234    10.202875    12.172815    1.000000    1.000000    1.000000    23.003820    21.222691    18.169322
410    410    1656052150202241778    11.125645    10.204559    12.210656    1.000000    1.000000    1.000000    23.001773    21.221060    22.080389
411    411    1656052150284413081    11.127962    10.207798    12.169699    1.000000    1.000000    1.000000    23.008753    21.214800    26.146580
412    412    1656052150366456013    11.130308    10.209324    12.188740    1.000000    1.000000    1.000000    22.997309    21.191475    17.833026
413    413    1656052150451105938    11.131862    10.203974    11.813360    1.000000    1.000000    1.000000    22.993287    21.150599    21.230015
414    414    1656052150532906842    11.134261    10.204988    12.224804    1.000000    1.000000    1.000000    23.000041    21.121125    26.070976
415    415    1656052150617664862    11.135767    10.199320    11.798294    1.000000    1.000000    1.000000    22.988136    21.079238    17.752889
416    416    1656052150700421570    11.137863    10.209632    12.083613    1.000000    1.000000    1.000000    22.985984    21.035181    22.014389
417    417    1656052150787295336    11.138726    10.216833    11.510955    1.000000    1.000000    1.000000    22.993659    21.191946    26.301520
418    418    1656052150869615634    11.140935    10.229788    12.147672    1.000000    1.000000    1.000000    22.985987    21.125087    19.488621
419    419    1656052150959861380    11.140791    10.237139    11.080855    1.000000    1.000000    1.000000    22.984663    21.231579    22.432914
420    420    1656052151042944389    11.142760    10.282590    12.036155    1.000000    1.000000    1.000000    22.969642    21.142170    16.153749
421    421    1656052151125182469    11.144969    10.282537    12.159817    1.000000    1.000000    1.000000    22.963459    21.149128    20.122627
422    422    1656052151212417367    11.145700    10.271456    11.463302    1.000000    1.000000    1.000000    22.964940    21.149043    23.608078
423    423    1656052151294674086    11.147888    10.283533    12.157062    1.000000    1.000000    1.000000    22.951158    20.965276    16.592044
424    424    1656052151376893759    11.150076    10.283326    12.162539    1.000000    1.000000    1.000000    22.945402    20.955039    20.283024
425    425    1656052151460459811    11.151863    10.280257    11.966582    1.000000    1.000000    1.000000    22.947816    20.941733    24.048564
426    426    1656052151542301185    11.154143    10.318383    12.218759    1.000000    1.000000    1.000000    22.933241    20.956962    16.130343
427    427    1656052151624142950    11.156415    10.384896    12.218700    1.000000    1.000000    1.000000    22.927228    20.919038    20.114916
428    428    1656052151706103538    11.158641    10.553359    12.200986    1.000000    1.000000    1.000000    22.929634    21.050820    24.055692
429    429    1656052151793151396    11.159385    10.736676    11.487933    1.000000    1.000000    1.000000    22.939863    21.168841    27.457732
430    430    1656052151876560626    11.161177    10.813181    11.989081    1.000000    1.000000    1.000000    22.935207    21.193781    20.784049
431    431    1656052151965245677    11.161440    11.016456    11.275858    1.000000    1.000000    1.000000    22.937695    21.457627    24.021073
432    432    1656052152047813302    11.163462    11.124669    12.111285    1.000000    1.000000    1.000000    22.926970    21.340366    17.899331
433    433    1656052152129776653    11.165649    11.257478    12.200575    1.000000    1.000000    1.000000    22.925556    21.308211    22.256517
434    434    1656052152211587238    11.167871    11.387300    12.223357    1.000000    1.000000    1.000000    22.932350    21.546810    26.160402
435    435    1656052152293510116    11.170051    11.484250    12.206602    1.000000    1.000000    1.000000    22.921742    21.568353    17.877785
436    436    1656052152375612358    11.172170    11.610855    12.179935    1.000000    1.000000    1.000000    22.919275    21.677447    21.746805
437    437    1656052152460671510    11.173438    11.689219    11.756524    1.000000    1.000000    1.000000    22.924531    21.811494    25.341395
438    438    1656052152542659381    11.175575    11.728331    12.196926    1.000000    1.000000    1.000000    22.914231    21.808954    17.989424
439    439    1656052152624459560    11.177755    11.731561    12.224912    1.000000    1.000000    1.000000    22.912330    21.735638    21.999470
440    440    1656052152706250300    11.179929    11.737125    12.226323    1.000000    1.000000    1.000000    22.917948    21.892835    25.621997
441    441    1656052152793238809    11.180624    11.722951    11.495771    1.000000    1.000000    1.000000    22.906041    21.801984    17.506774
442    442    1656052152875357963    11.182691    11.722473    12.177427    1.000000    1.000000    1.000000    22.906091    21.739993    22.930041
443    443    1656052152965116958    11.182596    11.702038    11.140945    1.000000    1.000000    1.000000    22.912532    21.896225    25.755275
444    444    1656052153053863350    11.182787    11.686486    11.268064    1.000000    1.000000    1.000000    22.904920    21.833372    19.499032
445    445    1656052153135938205    11.184848    11.775112    12.184000    1.000000    1.000000    1.000000    22.909310    21.885524    25.038030
446    446    1656052153218164855    11.186858    11.793636    12.161507    1.000000    1.000000    1.000000    22.896396    21.772273    16.633741
447    447    1656052153300366617    11.188866    11.793307    12.165189    1.000000    1.000000    1.000000    22.891869    21.619212    20.691365
448    448    1656052153382524148    11.190879    11.793859    12.171739    1.000000    1.000000    1.000000    22.895147    21.701134    24.492801
449    449    1656052153468233812    11.191894    11.782988    11.667296    1.000000    1.000000    1.000000    22.881038    21.539652    16.276105
450    450    1656052153550044522    11.193989    11.783696    12.223338    1.000000    1.000000    1.000000    22.876904    21.395752    20.845477
451    451    1656052153636098588    11.194898    11.783375    11.620601    1.000000    1.000000    1.000000    22.880476    21.481616    24.552634
452    452    1656052153718039095    11.196942    11.786614    12.203976    1.000000    1.000000    1.000000    22.869501    21.332317    17.462025
453    453    1656052153807041664    11.197027    11.766803    11.235631    1.000000    1.000000    1.000000    22.866505    21.409805    21.504328
454    454    1656052153890788090    11.198560    11.761541    11.940808    1.000000    1.000000    1.000000    22.875694    21.525430    27.324510
455    455    1656052153979921577    11.198605    11.766492    11.219128    1.000000    1.000000    1.000000    22.867983    21.414398    19.353407
456    456    1656052154062093605    11.200560    11.911977    12.169591    1.000000    1.000000    1.000000    22.872212    21.616734    24.967569
457    457    1656052154144104250    11.202552    11.932035    12.193539    1.000000    1.000000    1.000000    22.860120    21.557322    16.844261
458    458    1656052154230987549    11.203203    11.925229    11.509692    1.000000    1.000000    1.000000    22.855049    21.455353    20.468621
459    459    1656052154312927980    11.205201    11.925825    12.203988    1.000000    1.000000    1.000000    22.860471    21.600186    25.571466
460    460    1656052154395758021    11.206948    11.923168    12.072914    1.000000    1.000000    1.000000    22.848757    21.500797    17.043118
461    461    1656052154478237530    11.208784    11.922292    12.124223    1.000000    1.000000    1.000000    22.845520    21.404473    21.231451
462    462    1656052154560128050    11.210772    11.922726    12.211426    1.000000    1.000000    1.000000    22.850633    21.552829    25.423825
463    463    1656052154687622597    11.200409    11.802149    7.843473    1.000000    1.000000    1.000000    22.830260    21.399117    16.230780
464    464    1656052154798323918    11.194633    11.722183    9.033316    1.000000    1.000000    1.000000    22.811762    21.166525    15.889351
465    465    1656052154883445037    11.195765    11.721186    11.747966    1.000000    1.000000    1.000000    22.816821    21.316547    25.285661
466    466    1656052154970155764    11.196465    11.710331    11.532598    1.000000    1.000000    1.000000    22.806756    21.235167    17.975340
467    467    1656052155052809496    11.198249    11.721917    12.098667    1.000000    1.000000    1.000000    22.807050    21.165314    22.955272
468    468    1656052155134905323    11.200176    11.722533    12.180887    1.000000    1.000000    1.000000    22.815046    21.307779    26.885829
469    469    1656052155216845628    11.202136    11.745403    12.204006    1.000000    1.000000    1.000000    22.807104    21.234664    18.748464
470    470    1656052155299082634    11.204010    11.747738    12.159976    1.000000    1.000000    1.000000    22.806062    21.353939    22.274487
471    471    1656052155388103983    11.204072    11.729045    11.233260    1.000000    1.000000    1.000000    22.810792    21.454761    25.044466
472    472    1656052155472018599    11.205489    11.738188    11.916875    1.000000    1.000000    1.000000    22.802286    21.353085    18.532108
473    473    1656052155553826727    11.207459    11.739424    12.223724    1.000000    1.000000    1.000000    22.802379    21.473789    22.850098
474    474    1656052155635705016    11.209402    11.740365    12.213250    1.000000    1.000000    1.000000    22.809871    21.596869    26.679958
475    475    1656052155717492381    11.211362    11.745271    12.226827    1.000000    1.000000    1.000000    22.801303    21.486591    18.361883
476    476    1656052155807233668    11.211218    11.723516    11.143143    1.000000    1.000000    1.000000    22.799449    21.598544    21.922420
477    477    1656052155891400518    11.212541    11.717127    11.881162    1.000000    1.000000    1.000000    22.808981    21.745913    27.627473
478    478    1656052155984497703    11.211514    11.686628    10.741463    1.000000    1.000000    1.000000    22.801566    21.650748    19.405964
479    479    1656052156069009959    11.212740    11.693559    11.832603    1.000000    1.000000    1.000000    22.806035    21.600023    25.065562
480    480    1656052156150962833    11.214631    11.697541    12.202135    1.000000    1.000000    1.000000    22.795902    21.537386    17.502586
481    481    1656052156232824223    11.216538    11.716247    12.215771    1.000000    1.000000    1.000000    22.793166    21.482363    21.359705
482    482    1656052156318069398    11.217556    11.708899    11.730869    1.000000    1.000000    1.000000    22.797526    21.621772    24.995401
483    483    1656052156404986204    11.218136    11.695333    11.505255    1.000000    1.000000    1.000000    22.786574    21.522982    17.361109
484    484    1656052156494227839    11.218110    11.675039    11.205532    1.000000    1.000000    1.000000    22.783585    21.430553    21.338660
485    485    1656052156599186664    11.214016    11.612577    9.527546    1.000000    1.000000    1.000000    22.785264    21.548035    23.476933
486    486    1656052156681961552    11.215668    11.610763    12.080959    1.000000    1.000000    1.000000    22.784228    21.557581    22.241824
487    487    1656052156767796082    11.216526    11.608673    11.650323    1.000000    1.000000    1.000000    22.790390    21.569543    25.907463
488    488    1656052156850666970    11.218143    11.606294    12.066964    1.000000    1.000000    1.000000    22.783553    21.591984    19.194161
489    489    1656052156940109094    11.218065    11.585741    11.180414    1.000000    1.000000    1.000000    22.782938    21.602727    22.482978
490    490    1656052157023016475    11.219663    11.582745    12.061652    1.000000    1.000000    1.000000    22.770605    21.424217    16.273366
491    491    1656052157105978688    11.221242    11.593557    12.053680    1.000000    1.000000    1.000000    22.765492    21.477151    20.068377
492    492    1656052157192806840    11.221826    11.580914    11.517002    1.000000    1.000000    1.000000    22.767109    21.491882    23.583705
493    493    1656052157275532135    11.223454    11.599811    12.088201    1.000000    1.000000    1.000000    22.755859    21.312698    16.781380
494    494    1656052157358490799    11.225017    11.615407    12.054196    1.000000    1.000000    1.000000    22.751915    21.337497    20.659291
495    495    1656052157443393690    11.226080    11.607780    11.778162    1.000000    1.000000    1.000000    22.754820    21.324664    24.263704
496    496    1656052157525142522    11.227939    11.609069    12.232591    1.000000    1.000000    1.000000    22.743479    21.324805    16.613746
497    497    1656052157606883197    11.229793    11.610312    12.233811    1.000000    1.000000    1.000000    22.739373    21.321547    20.516126
498    498    1656052157688785099    11.231600    11.611001    12.209729    1.000000    1.000000    1.000000    22.742252    21.317710    24.300967
499    499    1656052157772674022    11.232898    11.615911    11.920525    1.000000    1.000000    1.000000    22.751659    21.543136    27.733555
