Beat    Tag    Timestamp    Global Rate    Window Rate    Instant Rate
0    0    1656021655823224247    0.000000    0.000000    0.000000    1.000000    1.000000    1.000000    0.000000    0.000000    0.000000
2    2    1656021656127392918    9.862949    6.575299    13.584498    1.000000    1.000000    1.000000    17.092206    17.092206    15.683031
3    3    1656021656200262776    10.608995    7.956747    13.723095    1.000000    1.000000    1.000000    17.093439    17.093439    17.098588
4    4    1656021656272060256    11.139926    8.911942    13.928065    1.000000    1.000000    1.000000    17.281300    17.281300    18.267834
5    5    1656021656344503981    11.510135    9.591780    13.803818    1.000000    1.000000    1.000000    17.573024    17.573024    19.380446
6    6    1656021656423621235    11.658953    9.993387    12.639468    1.000000    1.000000    1.000000    17.897297    17.897297    20.033834
7    7    1656021656496440490    11.883255    10.397847    13.732632    1.000000    1.000000    1.000000    18.450087    18.450087    23.007857
8    8    1656021656572352377    12.013966    10.679081    13.173167    1.000000    1.000000    1.000000    18.996286    18.996286    23.840185
9    9    1656021656658052391    11.978513    10.780663    11.668610    1.000000    1.000000    1.000000    19.546895    19.546895    24.359932
10    10    1656021656731085520    12.116389    11.014898    13.692416    1.000000    1.000000    1.000000    19.270560    19.270560    16.111822
11    11    1656021656803760972    12.238195    11.218346    13.759804    1.000000    1.000000    1.000000    19.134443    19.134443    17.434069
12    12    1656021656875661286    12.352283    11.402107    13.908145    1.000000    1.000000    1.000000    19.106858    19.106858    18.730665
13    13    1656021656948542944    12.440920    11.552283    13.720873    1.000000    1.000000    1.000000    19.148818    19.148818    19.754741
14    14    1656021657023087547    12.501424    11.667996    13.414787    1.000000    1.000000    1.000000    19.250240    19.250240    20.781294
15    15    1656021657094559993    12.585188    11.798614    13.991406    1.000000    1.000000    1.000000    19.445197    19.445197    22.718101
16    16    1656021657170825178    12.615011    11.872952    13.112143    1.000000    1.000000    1.000000    19.652437    19.652437    23.107111
17    17    1656021657246230360    12.649278    11.946541    13.261688    1.000000    1.000000    1.000000    19.942498    19.942498    25.126301
18    18    1656021657319493936    12.698246    12.029917    13.649347    1.000000    1.000000    1.000000    20.296854    20.296854    27.179563
19    19    1656021657396556118    12.711876    12.076282    12.976534    1.000000    1.000000    1.000000    20.665605    20.665605    27.825414
20    20    1656021657569431968    12.026061    11.453391    5.784498    1.000000    1.000000    1.000000    20.185798    20.185798    15.819105
21    21    1656021657765420652    11.327382    10.812501    5.102335    1.000000    1.000000    1.000000    20.035577    20.035577    18.697144
22    22    1656021657932025827    10.906669    10.432466    6.002215    1.000000    1.000000    1.000000    19.945497    19.945497    18.895399
23    23    1656021658124033352    10.431113    9.996484    5.208129    1.000000    1.000000    1.000000    19.593964    19.593964    15.733102
24    24    1656021658196281996    10.534931    10.113534    13.841090    1.000000    1.000000    1.000000    19.460482    19.460482    15.209655
25    25    1656021658269527614    10.628281    10.219501    13.652694    1.000000    1.000000    1.000000    19.370695    19.370695    16.461729
26    26    1656021658341764522    10.720496    10.323440    13.843339    1.000000    1.000000    1.000000    19.324437    19.324437    17.757901
27    27    1656021658427183099    10.752858    10.368828    11.707055    1.000000    1.000000    1.000000    19.287344    19.287344    18.193667
28    28    1656021658503873112    10.818276    10.445232    13.039508    1.000000    1.000000    1.000000    19.372833    19.372833    22.275560
29    29    1656021658575943336    10.898315    10.535038    13.875356    1.000000    1.000000    1.000000    19.514374    19.514374    24.778994
30    30    1656021658648024436    10.974228    10.620220    13.873262    1.000000    1.000000    1.000000    19.675280    19.675280    25.820153
31    31    1656021658721250037    11.042000    10.696938    13.656426    1.000000    1.000000    1.000000    19.851771    19.851771    26.660204
32    32    1656021658792844181    11.112533    10.775789    13.967623    1.000000    1.000000    1.000000    20.056479    20.056479    28.342748
33    33    1656021658865312926    11.176532    10.847810    13.799052    1.000000    1.000000    1.000000    19.942124    19.942124    15.256106
34    34    1656021658938018046    11.236699    10.915650    13.754190    1.000000    1.000000    1.000000    19.861724    19.861724    16.497640
35    35    1656021659010731191    11.294093    10.980369    13.752672    1.000000    1.000000    1.000000    19.814525    19.814525    17.792687
36    36    1656021659087756490    11.333936    11.027614    12.982747    1.000000    1.000000    1.000000    19.789741    19.789741    18.764127
37    37    1656021659159480947    11.390011    11.090273    13.942246    1.000000    1.000000    1.000000    19.820977    19.820977    21.242693
38    38    1656021659231469620    11.442838    11.149432    13.891074    1.000000    1.000000    1.000000    19.871494    19.871494    22.212662
39    39    1656021659304118875    11.491299    11.204016    13.764766    1.000000    1.000000    1.000000    19.938760    19.938760    23.094461
40    40    1656021659390952055    11.491908    11.211618    11.516335    1.000000    1.000000    1.000000    20.007612    20.007612    22.767676
41    41    1656021659464952469    11.532986    11.258390    13.513438    1.000000    1.000000    1.000000    20.173071    20.173071    28.150246
42    42    1656021659537782451    11.576074    11.306863    13.730609    1.000000    1.000000    1.000000    20.094999    20.094999    16.191123
43    43    1656021659611655618    11.614306    11.350344    13.536715    1.000000    1.000000    1.000000    20.042481    20.042481    17.401751
44    44    1656021659688044273    11.643492    11.384748    13.090949    1.000000    1.000000    1.000000    20.014968    20.014968    18.650448
45    45    1656021659759710574    11.685548    11.431515    13.953560    1.000000    1.000000    1.000000    20.031354    20.031354    20.915010
46    46    1656021659831487001    11.725778    11.476294    13.932151    1.000000    1.000000    1.000000    20.065835    20.065835    21.956913
47    47    1656021659903543570    11.763785    11.518706    13.877985    1.000000    1.000000    1.000000    20.116496    20.116496    22.934590
48    48    1656021659976230199    11.798683    11.557893    13.757689    1.000000    1.000000    1.000000    20.181356    20.181356    23.822365
49    49    1656021660049038092    11.832040    11.595400    13.734775    1.000000    1.000000    1.000000    20.264709    20.264709    25.019186
50    50    1656021660121716923    11.864624    11.631984    13.759165    1.000000    1.000000    1.000000    20.368014    20.368014    26.374531
51    51    1656021660194293988    11.896401    12.075794    13.778457    1.000000    1.000000    1.000000    20.485563    20.649461    27.447589
52    52    1656021660288606359    11.869085    12.015725    10.603063    1.000000    1.000000    1.000000    20.594083    20.850057    25.623637
53    53    1656021660378322220    11.854849    11.967278    11.146301    1.000000    1.000000    1.000000    20.574408    20.888539    19.595148
54    54    1656021660452017361    11.882147    11.961845    13.569416    1.000000    1.000000    1.000000    20.646747    21.008122    25.117995
55    55    1656021660525083866    11.910181    11.960063    13.686162    1.000000    1.000000    1.000000    20.739423    21.134244    26.610496
56    56    1656021660597084834    11.940022    11.980456    13.888702    1.000000    1.000000    1.000000    20.850430    21.275270    28.099530
57    57    1656021660670476269    11.965542    11.978815    13.625568    1.000000    1.000000    1.000000    20.764624    21.137928    15.183227
58    58    1656021660742596194    11.993401    11.989706    13.865794    1.000000    1.000000    1.000000    20.705818    21.012912    16.753372
59    59    1656021660814985026    12.019807    12.028099    13.814286    1.000000    1.000000    1.000000    20.663041    20.887194    17.756045
60    60    1656021660890459085    12.038124    12.021041    13.249586    1.000000    1.000000    1.000000    20.635046    20.932870    18.783455
61    61    1656021660962951638    12.062897    12.021569    13.794520    1.000000    1.000000    1.000000    20.635193    20.988997    20.645473
62    62    1656021661035388863    12.087109    12.020018    13.805057    1.000000    1.000000    1.000000    20.653682    21.045038    21.965578
63    63    1656021661107239100    12.112002    12.023000    13.917839    1.000000    1.000000    1.000000    20.685697    21.101567    23.008097
64    64    1656021661179584698    12.135106    12.029360    13.822541    1.000000    1.000000    1.000000    20.732108    21.159882    24.121954
65    65    1656021661251264955    12.159083    12.028759    13.950843    1.000000    1.000000    1.000000    20.793750    21.206208    25.400003
66    66    1656021661330742370    12.165189    12.019470    12.582191    1.000000    1.000000    1.000000    20.857531    21.247920    25.213531
67    67    1656021661408224876    12.175469    12.013472    12.906139    1.000000    1.000000    1.000000    20.775512    21.060324    14.945567
68    68    1656021661485292527    12.186360    12.002501    12.975613    1.000000    1.000000    1.000000    20.724075    20.877523    16.996437
69    69    1656021661558719054    12.204701    12.012985    13.619056    1.000000    1.000000    1.000000    20.705244    20.720228    19.253209
70    70    1656021661631401610    12.224145    12.309299    13.758459    1.000000    1.000000    1.000000    20.705639    20.929115    20.736780
71    71    1656021661703358322    12.244619    12.697001    13.897244    1.000000    1.000000    1.000000    20.719167    21.056315    21.811141
72    72    1656021661774728457    12.265807    13.011675    14.011463    1.000000    1.000000    1.000000    20.747385    21.187446    23.072220
73    73    1656021661846916043    12.284825    13.430452    13.852797    1.000000    1.000000    1.000000    20.785105    21.521251    23.894892
74    74    1656021661919146299    12.303307    13.430519    13.844614    1.000000    1.000000    1.000000    20.834571    21.710454    24.959851
75    75    1656021661991717079    12.320676    13.432954    13.779651    1.000000    1.000000    1.000000    20.896360    21.899060    26.086635
76    76    1656021662068362839    12.329590    13.417062    13.047036    1.000000    1.000000    1.000000    20.967422    22.077798    26.686540
77    77    1656021662142639203    12.342915    13.457298    13.463233    1.000000    1.000000    1.000000    20.903695    22.036506    15.545498
78    78    1656021662217003060    12.355761    13.465729    13.447393    1.000000    1.000000    1.000000    20.858116    21.930399    16.984885
79    79    1656021662291992595    12.367115    13.455151    13.335194    1.000000    1.000000    1.000000    20.831085    21.806459    18.526348
80    80    1656021662563343642    12.017591    12.770350    3.685263    1.000000    1.000000    1.000000    20.651133    21.355185    16.361228
81    81    1656021662843224143    11.680912    12.130111    3.572953    1.000000    1.000000    1.000000    20.487068    20.933724    16.536032
82    82    1656021663052979282    11.480334    11.736716    4.767464    1.000000    1.000000    1.000000    20.414258    20.663656    17.977505
83    83    1656021663127722572    11.499763    11.730454    13.379127    1.000000    1.000000    1.000000    20.464467    20.837264    25.321044
84    84    1656021663206829758    11.511991    11.712862    12.641077    1.000000    1.000000    1.000000    20.526639    21.011804    26.267423
85    85    1656021663317041621    11.476127    11.610868    9.073433    1.000000    1.000000    1.000000    20.454207    20.927696    15.601609
86    86    1656021663404893989    11.475045    11.581748    11.382732    1.000000    1.000000    1.000000    20.485690    21.011952    23.171197
87    87    1656021663479940700    11.493177    11.572843    13.325034    1.000000    1.000000    1.000000    20.436351    20.911541    15.451802
88    88    1656021663554699952    11.511386    11.565426    13.376271    1.000000    1.000000    1.000000    20.405076    20.825729    17.202028
89    89    1656021663674704936    11.462806    11.440113    8.332987    1.000000    1.000000    1.000000    20.356921    20.689959    17.254431
90    90    1656021663908672294    11.254788    11.067529    4.274100    1.000000    1.000000    1.000000    20.210228    20.370238    15.287527
91    91    1656021664162235941    11.032482    10.644450    3.943783    1.000000    1.000000    1.000000    20.118781    20.076691    17.202780
92    92    1656021664236966238    11.053346    10.640146    13.381454    1.000000    1.000000    1.000000    20.116655    20.133774    19.879430
93    93    1656021664312189612    11.073199    10.637090    13.293740    1.000000    1.000000    1.000000    20.128044    20.197005    21.401916
94    94    1656021664392006498    11.086756    10.629336    12.528677    1.000000    1.000000    1.000000    20.151437    20.263562    22.639405
95    95    1656021664474993905    11.095996    10.603817    12.050021    1.000000    1.000000    1.000000    20.194787    20.331226    24.670771
96    96    1656021664551213633    11.113671    10.593834    13.119963    1.000000    1.000000    1.000000    20.154060    20.228985    15.531108
97    97    1656021664629998108    11.127798    10.578754    12.692856    1.000000    1.000000    1.000000    20.129623    20.140956    17.422463
98    98    1656021664707123586    11.143755    10.568829    12.965884    1.000000    1.000000    1.000000    20.126317    20.078000    19.748757
99    99    1656021664785267643    11.158170    10.556921    12.796878    1.000000    1.000000    1.000000    20.138930    20.026705    21.572863
100    100    1656021664859919188    11.176653    10.552526    13.395570    1.000000    1.000000    1.000000    20.172709    19.995529    24.227962
101    101    1656021664933646428    11.195969    10.549965    13.563508    1.000000    1.000000    1.000000    20.219662    19.974423    25.974647
102    102    1656021665007946903    11.214274    10.594701    13.458864    1.000000    1.000000    1.000000    20.276139    19.975304    27.201133
103    103    1656021665085639935    11.228172    10.621760    12.871167    1.000000    1.000000    1.000000    20.234256    19.905103    15.282940
104    104    1656021665160260020    11.245539    10.619673    13.401218    1.000000    1.000000    1.000000    20.211384    19.783368    17.372343
105    105    1656021665234726611    11.262814    10.616516    13.428841    1.000000    1.000000    1.000000    20.202460    19.666384    19.083478
106    106    1656021665309659106    11.279264    10.609912    13.345345    1.000000    1.000000    1.000000    20.205777    19.552740    20.622403
107    107    1656021665420841595    11.252793    10.525507    8.994222    1.000000    1.000000    1.000000    20.201840    19.627577    19.865900
108    108    1656021665585243532    11.165723    10.324931    6.082653    1.000000    1.000000    1.000000    20.133859    19.552838    16.165216
109    109    1656021665781040696    11.046598    10.068353    5.107326    1.000000    1.000000    1.000000    20.098644    19.531326    18.342920
110    110    1656021665962742966    10.947265    9.857492    5.503509    1.000000    1.000000    1.000000    20.065104    19.495730    18.227013
111    111    1656021666162260158    10.832732    9.616664    5.012099    1.000000    1.000000    1.000000    19.996332    19.364793    16.501322
112    112    1656021666241902160    10.845906    9.603356    12.556189    1.000000    1.000000    1.000000    19.985909    19.317411    18.632728
113    113    1656021666412694844    10.765411    9.424261    5.855052    1.000000    1.000000    1.000000    19.951396    19.220063    17.846043
114    114    1656021666657377331    10.614581    9.127764    4.086929    1.000000    1.000000    1.000000    19.842697    18.973003    15.138401
115    115    1656021666882576548    10.488860    8.878926    4.440513    1.000000    1.000000    1.000000    19.804932    18.851807    17.988088
116    116    1656021666966240360    10.499850    8.872331    11.952599    1.000000    1.000000    1.000000    19.774217    18.715505    15.714049
117    117    1656021667047629291    10.512807    8.866184    12.286683    1.000000    1.000000    1.000000    19.768320    18.770845    18.960968
118    118    1656021667127248149    10.527225    8.862175    12.559839    1.000000    1.000000    1.000000    19.782044    18.836655    21.716776
119    119    1656021667209291865    10.539196    8.848660    12.188624    1.000000    1.000000    1.000000    19.811178    18.903675    23.825248
120    120    1656021667290289269    10.551959    8.835659    12.346075    1.000000    1.000000    1.000000    19.859951    18.991953    26.716170
121    121    1656021667379947601    10.556625    8.808106    11.153453    1.000000    1.000000    1.000000    19.836758    18.922708    16.870415
122    122    1656021667455236332    10.574267    8.802030    13.282200    1.000000    1.000000    1.000000    19.848647    18.907033    21.673561
123    123    1656021667528335519    10.593663    8.800617    13.680043    1.000000    1.000000    1.000000    19.872206    18.904311    23.621119
124    124    1656021667601879320    10.612417    8.798583    13.597339    1.000000    1.000000    1.000000    19.903614    18.904968    24.902451
125    125    1656021667674583135    10.631692    8.798377    13.754436    1.000000    1.000000    1.000000    19.943909    18.910067    26.472085
126    126    1656021667745916222    10.651957    8.806610    14.018740    1.000000    1.000000    1.000000    19.991258    18.917506    27.857796
127    127    1656021667818128206    10.671198    8.809813    13.848117    1.000000    1.000000    1.000000    20.042885    19.084409    28.566813
128    128    1656021667891549561    10.689138    8.811277    13.620016    1.000000    1.000000    1.000000    20.017919    19.071230    15.939342
129    129    1656021667963832578    10.707865    8.815481    13.834508    1.000000    1.000000    1.000000    20.001571    19.055505    17.272026
130    130    1656021668036367172    10.726150    9.135718    13.786525    1.000000    1.000000    1.000000    19.991611    19.179399    18.324533
131    131    1656021668114081806    10.739690    9.486122    12.867589    1.000000    1.000000    1.000000    19.986531    19.319891    19.188290
132    132    1656021668186233383    10.757899    9.740410    13.859711    1.000000    1.000000    1.000000    19.996886    19.409051    21.760694
133    133    1656021668258001253    10.776229    9.746059    13.933812    1.000000    1.000000    1.000000    20.013985    19.372589    22.959663
134    134    1656021668334097302    10.790614    9.751782    13.141287    1.000000    1.000000    1.000000    20.035014    19.327041    23.471281
135    135    1656021668412499719    10.802846    9.812660    12.754709    1.000000    1.000000    1.000000    20.065224    19.493152    24.885851
136    136    1656021668486413583    10.818760    9.839577    13.529262    1.000000    1.000000    1.000000    20.110742    19.551317    27.863640
137    137    1656021668558909332    10.835695    9.844518    13.793912    1.000000    1.000000    1.000000    20.086560    19.559239    15.862494
138    138    1656021668631251050    10.852569    9.849206    13.823282    1.000000    1.000000    1.000000    20.069002    19.557167    16.977900
139    139    1656021668708201286    10.865367    9.933453    12.995412    1.000000    1.000000    1.000000    20.056397    19.587625    17.958320
140    140    1656021668781433944    10.881133    10.261122    13.655110    1.000000    1.000000    1.000000    20.057703    19.804616    20.287640
141    141    1656021668852980929    10.898131    10.659288    13.976829    1.000000    1.000000    1.000000    20.066607    19.973855    21.679270
142    142    1656021668942285608    10.900170    10.626271    11.197622    1.000000    1.000000    1.000000    20.073582    19.996562    21.091223
143    143    1656021669015931471    10.915121    10.629835    13.578495    1.000000    1.000000    1.000000    20.112060    20.083213    26.966374
144    144    1656021669090941301    10.928783    10.640710    13.331586    1.000000    1.000000    1.000000    20.157502    20.168561    28.149794
145    145    1656021669162900176    10.944794    10.665742    13.896826    1.000000    1.000000    1.000000    20.137840    20.032743    16.512660
146    146    1656021669235608314    10.960020    10.673738    13.753619    1.000000    1.000000    1.000000    20.124146    20.068412    17.611750
147    147    1656021669310921810    10.972963    10.681653    13.277833    1.000000    1.000000    1.000000    20.116006    20.090386    18.666279
148    148    1656021669393457940    10.979914    10.669320    12.115906    1.000000    1.000000    1.000000    20.113702    20.089787    19.737154
149    149    1656021669466014216    10.994819    10.682057    13.782405    1.000000    1.000000    1.000000    20.132915    20.121398    23.726364
150    150    1656021669538715989    11.009449    10.686508    13.754823    1.000000    1.000000    1.000000    20.158649    20.131492    24.987704
151    151    1656021669612161096    11.023330    10.687152    13.615611    1.000000    1.000000    1.000000    20.189552    20.130919    25.960576
152    152    1656021669683984136    11.038356    10.692815    13.923109    1.000000    1.000000    1.000000    20.228148    20.133884    27.638017
153    153    1656021669756102467    11.052993    10.705578    13.866100    1.000000    1.000000    1.000000    20.271353    20.344923    28.575135
154    154    1656021669828159200    11.067527    10.711456    13.877954    1.000000    1.000000    1.000000    20.248312    20.322178    15.793118
155    155    1656021669904862155    11.078257    10.706327    13.037307    1.000000    1.000000    1.000000    20.229665    20.284491    16.825002
156    156    1656021669976833926    11.092577    10.713120    13.894336    1.000000    1.000000    1.000000    20.223470    20.259434    19.011428
157    157    1656021670048611094    11.106904    10.804340    13.932007    1.000000    1.000000    1.000000    20.223008    20.266910    20.131852
158    158    1656021670121619476    11.120129    11.022014    13.697057    1.000000    1.000000    1.000000    20.227289    20.428345    21.061399
159    159    1656021670193687521    11.133949    11.331068    13.875775    1.000000    1.000000    1.000000    20.238257    20.553315    22.414323
160    160    1656021670265703197    11.147671    11.619907    13.885866    1.000000    1.000000    1.000000    20.254391    20.700428    23.473927
161    161    1656021670338044217    11.161006    11.973800    13.823416    1.000000    1.000000    1.000000    20.275504    20.966719    24.490496
162    162    1656021670418486715    11.168007    11.971505    12.431240    1.000000    1.000000    1.000000    20.298473    21.078177    24.442895
163    163    1656021670493444128    11.179110    12.252652    13.340909    1.000000    1.000000    1.000000    20.337079    21.337921    27.854358
164    164    1656021670566424184    11.191600    12.790842    13.702374    1.000000    1.000000    1.000000    20.316375    21.629201    16.154483
165    165    1656021670638642914    11.204543    13.311799    13.846823    1.000000    1.000000    1.000000    20.303167    21.770170    17.606865
166    166    1656021670710555750    11.217591    13.353577    13.905723    1.000000    1.000000    1.000000    20.295732    21.847751    18.763900
167    167    1656021670782706692    11.230335    13.386602    13.859833    1.000000    1.000000    1.000000    20.293345    21.871115    19.800849
168    168    1656021670854829214    11.242978    13.413524    13.865294    1.000000    1.000000    1.000000    20.296030    21.854712    20.852949
169    169    1656021670928310306    11.254487    13.444407    13.608943    1.000000    1.000000    1.000000    20.303151    21.809366    21.759856
170    170    1656021671000677177    11.266713    13.475679    13.818478    1.000000    1.000000    1.000000    20.317666    21.732248    23.347357
171    171    1656021671076625882    11.276173    13.525656    13.166781    1.000000    1.000000    1.000000    20.335192    21.893418    23.837468
172    172    1656021671149835919    11.287557    13.533266    13.659329    1.000000    1.000000    1.000000    20.363197    21.983199    26.198167
173    173    1656021671222521139    11.299217    13.534782    13.757955    1.000000    1.000000    1.000000    20.397549    22.062109    27.641029
174    174    1656021671294306419    11.311426    13.541228    13.930433    1.000000    1.000000    1.000000    20.372327    21.867498    14.961781
175    175    1656021671371523857    11.319566    13.524696    12.950443    1.000000    1.000000    1.000000    20.350126    21.652342    15.901917
176    176    1656021671445183839    11.330205    13.516189    13.575893    1.000000    1.000000    1.000000    20.339352    21.461256    18.065284
177    177    1656021671520243389    11.339733    13.505793    13.322755    1.000000    1.000000    1.000000    20.334912    21.281087    19.410857
178    178    1656021671592826576    11.350952    13.508850    13.777295    1.000000    1.000000    1.000000    20.339351    21.387404    21.299140
179    179    1656021671668978428    11.359510    13.494745    13.131657    1.000000    1.000000    1.000000    20.347756    21.482096    22.088338
180    180    1656021671742118463    11.370136    13.492541    13.672403    1.000000    1.000000    1.000000    20.365932    21.599594    24.303897
181    181    1656021671814425077    11.381259    13.512260    13.829993    1.000000    1.000000    1.000000    20.389654    21.728644    25.612162
182    182    1656021671887159147    11.391978    13.510134    13.748715    1.000000    1.000000    1.000000    20.418592    21.827309    26.780792
183    183    1656021671959989411    11.402533    13.506257    13.730556    1.000000    1.000000    1.000000    20.452798    21.926744    27.997461
184    184    1656021672031901391    11.413640    13.521539    13.905889    1.000000    1.000000    1.000000    20.430951    21.770535    15.528695
185    185    1656021672104205503    11.424373    13.543876    13.830472    1.000000    1.000000    1.000000    20.413563    21.601455    16.515697
186    186    1656021672176616055    11.434937    13.549393    13.810142    1.000000    1.000000    1.000000    20.401623    21.399803    17.717003
187    187    1656021672250705488    11.444238    13.543544    13.497201    1.000000    1.000000    1.000000    20.393230    21.451157    18.540528
188    188    1656021672328446118    11.450922    13.523766    12.863287    1.000000    1.000000    1.000000    20.390819    21.505677    19.881409
189    189    1656021672409883134    11.454989    13.507373    12.279428    1.000000    1.000000    1.000000    20.397543    21.585021    21.760310
190    190    1656021672488152488    11.461195    13.489020    12.776393    1.000000    1.000000    1.000000    20.418082    21.677919    24.770637
191    191    1656021672561186339    11.470931    13.483610    13.692281    1.000000    1.000000    1.000000    20.450379    21.798861    27.819967
192    192    1656021672633430598    11.481120    13.545933    13.841930    1.000000    1.000000    1.000000    20.428281    21.688952    15.308580
193    193    1656021672707089520    11.490260    13.545884    13.576088    1.000000    1.000000    1.000000    20.411011    21.479503    16.469624
194    194    1656021672779392736    11.500240    13.555824    13.830643    1.000000    1.000000    1.000000    20.400150    21.272981    17.864018
195    195    1656021672854524740    11.508223    13.544173    13.309907    1.000000    1.000000    1.000000    20.392966    21.314860    18.771486
196    196    1656021672927838031    11.517360    13.541953    13.640092    1.000000    1.000000    1.000000    20.394592    21.377010    20.772334
197    197    1656021673001109613    11.526448    13.549445    13.647856    1.000000    1.000000    1.000000    20.401512    21.445041    22.016997
198    198    1656021673074511414    11.535371    13.583068    13.623644    1.000000    1.000000    1.000000    20.413544    21.518916    23.229377
199    199    1656021673146017390    11.545482    13.586945    13.984845    1.000000    1.000000    1.000000    20.432163    21.541560    24.924162
200    200    1656021673218564009    11.554819    13.587518    13.784240    1.000000    1.000000    1.000000    20.453967    21.554676    25.660359
201    201    1656021673291000392    11.564151    13.591244    13.805217    1.000000    1.000000    1.000000    20.480978    21.573295    26.967528
202    202    1656021673399544651    11.549630    13.456921    9.212832    1.000000    1.000000    1.000000    20.500709    21.517487    23.675921
203    203    1656021673553413941    11.505799    13.167211    6.499023    1.000000    1.000000    1.000000    20.484956    21.268694    18.685483
204    204    1656021673737513942    11.443379    12.789834    5.431830    1.000000    1.000000    1.000000    20.476977    21.296152    19.708620
205    205    1656021673907607787    11.391044    12.491426    5.879108    1.000000    1.000000    1.000000    20.457738    21.260096    18.431418
206    206    1656021674034621625    11.366508    12.321985    7.873158    1.000000    1.000000    1.000000    20.429336    21.147397    16.385433
207    207    1656021674200419321    11.318376    12.042945    6.031447    1.000000    1.000000    1.000000    20.384400    20.937378    15.448588
208    208    1656021674320795838    11.298780    11.907097    8.307268    1.000000    1.000000    1.000000    20.369584    20.854106    18.107755
209    209    1656021674412463007    11.296859    11.851780    10.909031    1.000000    1.000000    1.000000    20.353750    20.747155    17.158553
210    210    1656021674494349235    11.300872    11.824116    12.212066    1.000000    1.000000    1.000000    20.363285    20.735201    22.527922
211    211    1656021674566464955    11.310744    11.824745    13.866602    1.000000    1.000000    1.000000    20.387437    20.771670    26.640566
212    212    1656021674639206937    11.320163    11.846319    13.747220    1.000000    1.000000    1.000000    20.415555    20.820427    27.660574
213    213    1656021674714348880    11.328071    11.845801    13.308147    1.000000    1.000000    1.000000    20.394476    20.593966    15.116248
214    214    1656021674786606357    11.337640    11.847830    13.839398    1.000000    1.000000    1.000000    20.380764    20.605707    16.795813
215    215    1656021674859135701    11.346974    11.846958    13.787523    1.000000    1.000000    1.000000    20.371822    20.612824    18.033851
216    216    1656021674939123191    11.351807    11.824335    12.501955    1.000000    1.000000    1.000000    20.365160    20.609592    18.779640
217    217    1656021675014341192    11.359422    11.815765    13.294690    1.000000    1.000000    1.000000    20.370107    20.641473    21.627403
218    218    1656021675191929723    11.306899    11.528440    5.630994    1.000000    1.000000    1.000000    20.353065    20.550738    18.511412
219    219    1656021675520161261    11.169249    10.888856    3.046630    1.000000    1.000000    1.000000    20.278146    20.195889    15.857203
220    220    1656021675690023143    11.124087    10.662468    5.887136    1.000000    1.000000    1.000000    20.242328    19.998492    16.089014
221    221    1656021675965576461    11.021553    10.227144    3.629062    1.000000    1.000000    1.000000    20.199008    19.774117    17.075683
222    222    1656021676228687396    10.928446    9.844746    3.800678    1.000000    1.000000    1.000000    20.152209    19.515501    16.569510
223    223    1656021676459887197    10.854468    9.546783    4.325263    1.000000    1.000000    1.000000    20.112946    19.276135    16.647670
224    224    1656021676537579452    10.862033    9.536028    12.871296    1.000000    1.000000    1.000000    20.135292    19.435885    26.070973
225    225    1656021676613278518    10.870582    9.538791    13.210203    1.000000    1.000000    1.000000    20.117725    19.428369    15.310580
226    226    1656021676687595017    10.879791    9.537596    13.455962    1.000000    1.000000    1.000000    20.106891    19.414177    17.076194
227    227    1656021676958316118    10.787746    9.194434    3.693838    1.000000    1.000000    1.000000    20.053749    19.242170    15.958085
228    228    1656021677222102020    10.701496    8.882137    3.790953    1.000000    1.000000    1.000000    20.006026    19.072266    16.182354
229    229    1656021677460731929    10.629690    8.632964    4.190590    1.000000    1.000000    1.000000    19.962606    18.908868    16.068957
230    230    1656021677732937040    10.543269    8.346106    3.673700    1.000000    1.000000    1.000000    19.939104    18.804930    18.070955
231    231    1656021678021312415    10.451351    8.055568    3.467702    1.000000    1.000000    1.000000    19.910442    18.675818    17.732820
232    232    1656021678167004595    10.427958    7.961979    6.863786    1.000000    1.000000    1.000000    19.885249    18.520952    16.046782
233    233    1656021678316816366    10.402963    7.865560    6.675043    1.000000    1.000000    1.000000    19.869276    18.388011    17.486950
234    234    1656021678398725609    10.409514    7.853209    12.208634    1.000000    1.000000    1.000000    19.878494    18.472047    22.409819
235    235    1656021678473929854    10.419101    7.849633    13.297122    1.000000    1.000000    1.000000    19.898857    18.583269    26.011520
236    236    1656021678548757267    10.428798    7.846656    13.364086    1.000000    1.000000    1.000000    19.924765    18.700961    27.767348
237    237    1656021678624835336    10.437859    7.844208    13.144393    1.000000    1.000000    1.000000    19.911602    18.670345    15.979615
238    238    1656021678704333068    10.445298    7.842046    12.578975    1.000000    1.000000    1.000000    19.904446    18.645374    17.851949
239    239    1656021678797625249    10.446409    7.827492    10.719012    1.000000    1.000000    1.000000    19.902124    18.615700    19.332691
240    240    1656021678875453359    10.454520    7.828033    12.848828    1.000000    1.000000    1.000000    19.920354    18.621745    25.301620
241    241    1656021678950341495    10.463907    7.825761    13.353250    1.000000    1.000000    1.000000    19.946281    18.625674    27.927396
242    242    1656021679024824625    10.473415    7.823020    13.425859    1.000000    1.000000    1.000000    19.934585    18.636100    16.302946
243    243    1656021679100184699    10.482468    7.820938    13.269626    1.000000    1.000000    1.000000    19.927581    18.650865    17.771126
244    244    1656021679173338675    10.492454    7.819897    13.669797    1.000000    1.000000    1.000000    19.926417    18.670119    19.556053
245    245    1656021679248112120    10.501651    7.820336    13.373732    1.000000    1.000000    1.000000    19.929026    18.693180    20.743814
246    246    1656021679322537969    10.510945    7.818975    13.436192    1.000000    1.000000    1.000000    19.936713    18.711976    22.356203
247    247    1656021679408437787    10.515063    7.803565    11.641468    1.000000    1.000000    1.000000    19.946706    18.727384    22.680399
248    248    1656021679486673428    10.522557    7.797682    12.781898    1.000000    1.000000    1.000000    19.969964    18.776555    26.981320
249    249    1656021679561829099    10.531369    7.793246    13.305716    1.000000    1.000000    1.000000    19.958767    18.680588    16.433176
250    250    1656021679694490603    10.514733    7.720903    7.537982    1.000000    1.000000    1.000000    19.941007    18.563116    16.763084
251    251    1656021679953971599    10.443108    7.504160    3.853847    1.000000    1.000000    1.000000    19.893744    18.354238    15.545699
252    252    1656021680077294114    10.431239    7.487552    8.108819    1.000000    1.000000    1.000000    19.870802    18.212841    15.381714
253    253    1656021680151023617    10.440731    7.578502    13.563092    1.000000    1.000000    1.000000    19.893355    18.303508    27.312444
254    254    1656021680224571136    10.450243    7.707655    13.596652    1.000000    1.000000    1.000000    19.879694    18.230270    15.360963
255    255    1656021680298633909    10.459478    7.823470    13.502060    1.000000    1.000000    1.000000    19.870041    18.207063    16.689680
256    256    1656021680377532724    10.466595    7.882816    12.674462    1.000000    1.000000    1.000000    19.863853    18.240270    17.944141
257    257    1656021680451878587    10.475603    7.998133    13.450648    1.000000    1.000000    1.000000    19.866458    18.343881    20.726837
258    258    1656021680531205259    10.482443    8.050999    12.606101    1.000000    1.000000    1.000000    19.872445    18.391727    21.731366
259    259    1656021680615959045    10.486943    8.059972    11.798883    1.000000    1.000000    1.000000    19.884454    18.478173    23.385323
260    260    1656021680705486974    10.489400    8.050056    11.169699    1.000000    1.000000    1.000000    19.906523    18.533463    26.018090
261    261    1656021680809443901    10.485780    8.008997    9.619369    1.000000    1.000000    1.000000    19.898903    18.432181    18.075066
262    262    1656021680889763290    10.492075    7.999288    12.450294    1.000000    1.000000    1.000000    19.918141    18.420782    25.902903
263    263    1656021680970895681    10.497990    7.991629    12.325533    1.000000    1.000000    1.000000    19.905781    18.430206    16.086988
264    264    1656021681054489655    10.502842    7.977175    11.962585    1.000000    1.000000    1.000000    19.901146    18.450070    18.506814
265    265    1656021681130276451    10.510904    7.973031    13.194911    1.000000    1.000000    1.000000    19.908104    18.500498    22.224533
266    266    1656021681204391599    10.519611    7.980504    13.492518    1.000000    1.000000    1.000000    19.920689    18.564570    24.218016
267    267    1656021681280930462    10.527264    7.978822    13.065258    1.000000    1.000000    1.000000    19.936660    18.609248    25.232599
268    268    1656021681359549480    10.534014    8.106855    12.719569    1.000000    1.000000    1.000000    19.957965    18.717197    26.856736
269    269    1656021681682633906    10.441074    8.113626    3.095166    1.000000    1.000000    1.000000    19.887738    18.639888    14.337058
270    270    1656021681888703052    10.396893    8.066234    4.852740    1.000000    1.000000    1.000000    19.872314    18.686417    17.936834
271    271    1656021682116180756    10.344976    8.129282    4.396035    1.000000    1.000000    1.000000    19.845099    18.686097    16.726614
272    272    1656021682204280389    10.348335    8.367371    11.350785    1.000000    1.000000    1.000000    19.862465    18.873047    25.045302
273    273    1656021682305577340    10.346513    8.553310    9.871965    1.000000    1.000000    1.000000    19.851119    18.926809    16.896341
274    274    1656021682402278911    10.346493    8.525586    10.341094    1.000000    1.000000    1.000000    19.860465    18.889762    22.419799
275    275    1656021682481123450    10.353404    8.521016    12.683187    1.000000    1.000000    1.000000    19.852301    18.911891    17.100317
276    276    1656021682555654108    10.361946    8.520705    13.417297    1.000000    1.000000    1.000000    19.851530    18.943570    19.575627
277    277    1656021682629206604    10.370819    8.816957    13.595732    1.000000    1.000000    1.000000    19.855342    19.115889    21.240841
278    278    1656021682701867233    10.379988    9.124478    13.762611    1.000000    1.000000    1.000000    19.862701    19.303006    22.577604
279    279    1656021682782422390    10.386066    9.395511    12.413855    1.000000    1.000000    1.000000    19.872153    19.504378    23.025942
280    280    1656021682856856830    10.394460    9.758155    13.434641    1.000000    1.000000    1.000000    19.889951    19.679774    26.336292
281    281    1656021682931439544    10.402750    10.183036    13.407933    1.000000    1.000000    1.000000    19.912127    19.919743    27.950106
282    282    1656021683004495112    10.411581    10.335938    13.688211    1.000000    1.000000    1.000000    19.901870    19.978641    16.096012
283    283    1656021683080531192    10.419224    10.496011    13.151651    1.000000    1.000000    1.000000    19.894458    20.013363    17.244685
284    284    1656021683152690441    10.428305    10.517537    13.858237    1.000000    1.000000    1.000000    19.892709    19.960210    19.231857
285    285    1656021683226121198    10.436853    10.521462    13.618272    1.000000    1.000000    1.000000    19.894010    19.870908    20.378367
286    286    1656021683310032965    10.441372    10.501388    11.917280    1.000000    1.000000    1.000000    19.896447    19.761285    20.692308
287    287    1656021683398317294    10.444208    10.474534    11.327039    1.000000    1.000000    1.000000    19.907923    19.890350    23.480929
288    288    1656021683483088509    10.448352    10.462975    11.796457    1.000000    1.000000    1.000000    19.895412    19.852154    15.825569
289    289    1656021683558469848    10.456010    10.502338    13.265883    1.000000    1.000000    1.000000    19.894162    19.855740    19.435684
290    290    1656021683632710872    10.464055    10.510257    13.469642    1.000000    1.000000    1.000000    19.897519    19.786868    21.151547
291    291    1656021683709221787    10.471205    10.506673    13.070031    1.000000    1.000000    1.000000    19.904806    19.703244    22.553461
292    292    1656021683785403838    10.478439    10.502924    13.126452    1.000000    1.000000    1.000000    19.917220    19.832589    24.461476
293    293    1656021683860170165    10.486164    10.504233    13.375005    1.000000    1.000000    1.000000    19.934777    19.969969    26.501025
294    294    1656021683952953703    10.487125    10.461093    10.777774    1.000000    1.000000    1.000000    19.953320    20.084751    25.556428
295    295    1656021684066325204    10.480436    10.377291    8.820559    1.000000    1.000000    1.000000    19.944549    20.020014    17.768172
296    296    1656021684148068167    10.485495    10.361556    12.233469    1.000000    1.000000    1.000000    19.928790    19.890203    14.483937
297    297    1656021684224936606    10.492325    10.380984    13.009240    1.000000    1.000000    1.000000    19.921832    19.800030    17.358093
298    298    1656021684300782803    10.499496    10.386137    13.184577    1.000000    1.000000    1.000000    19.921506    19.683315    19.799397
299    299    1656021684387335913    10.502690    10.361606    11.553600    1.000000    1.000000    1.000000    19.924531    19.756112    20.919744
300    300    1656021684466754280    10.508481    10.477208    12.591546    1.000000    1.000000    1.000000    19.938785    19.927670    25.065507
301    301    1656021684541141278    10.516083    10.899967    13.443210    1.000000    1.000000    1.000000    19.960722    20.313058    28.407642
302    302    1656021684618295239    10.522634    11.010788    12.961097    1.000000    1.000000    1.000000    19.951293    20.381208    16.441861
303    303    1656021684694050243    10.529661    11.005878    13.200448    1.000000    1.000000    1.000000    19.947065    20.234681    18.339954
304    304    1656021684793843191    10.527908    10.942662    10.020748    1.000000    1.000000    1.000000    19.943297    20.282956    18.853123
305    305    1656021684913094799    10.519126    10.835503    8.385631    1.000000    1.000000    1.000000    19.946722    20.353443    20.778800
306    306    1656021685016670169    10.516059    10.777865    9.654805    1.000000    1.000000    1.000000    19.936651    20.321960    17.108050
307    307    1656021685089205204    10.524165    10.782074    13.786441    1.000000    1.000000    1.000000    19.953070    20.413065    26.561451
308    308    1656021685164516878    10.531233    10.791417    13.278154    1.000000    1.000000    1.000000    19.972619    20.506815    27.569351
309    309    1656021685248611582    10.535120    10.792953    11.891355    1.000000    1.000000    1.000000    19.960764    20.369156    15.824415
310    310    1656021685327225362    10.540943    10.818440    12.720416    1.000000    1.000000    1.000000    19.958862    20.240639    19.246772
311    311    1656021685412899283    10.544219    10.861407    11.672163    1.000000    1.000000    1.000000    19.961387    20.300528    20.830936
312    312    1656021685491780742    10.549890    10.864799    12.677250    1.000000    1.000000    1.000000    19.974697    20.282746    24.967622
313    313    1656021685566899850    10.556866    10.879016    13.312192    1.000000    1.000000    1.000000    19.994425    20.479454    27.786276
314    314    1656021685643816754    10.563170    10.894843    13.001043    1.000000    1.000000    1.000000    19.984558    20.443139    16.168778
315    315    1656021685719558257    10.569858    10.894951    13.202801    1.000000    1.000000    1.000000    19.979975    20.376298    18.175609
316    316    1656021685792981217    10.577330    10.896594    13.619718    1.000000    1.000000    1.000000    19.980080    20.308594    20.023080
317    317    1656021685865746278    10.584997    10.905563    13.742859    1.000000    1.000000    1.000000    19.983748    20.245209    21.494188
318    318    1656021685939207442    10.592382    10.917846    13.612635    1.000000    1.000000    1.000000    19.990510    20.171986    22.756131
319    319    1656021686014411290    10.599120    11.542606    13.297192    1.000000    1.000000    1.000000    19.999967    20.669944    23.787073
320    320    1656021686090128852    10.605643    11.900723    13.206976    1.000000    1.000000    1.000000    20.013738    20.891127    25.504682
321    321    1656021686163353237    10.613007    12.354304    13.656653    1.000000    1.000000    1.000000    20.032132    21.247216    27.635050
322    322    1656021686254567148    10.614057    12.344805    10.963240    1.000000    1.000000    1.000000    20.017615    21.028167    15.188879
323    323    1656021686384063730    10.601803    12.259450    7.722212    1.000000    1.000000    1.000000    19.999553    20.963360    15.755027
324    324    1656021686483717181    10.599960    12.250583    10.034775    1.000000    1.000000    1.000000    19.985133    20.796995    15.562967
325    325    1656021686617545773    10.586367    12.087740    7.472245    1.000000    1.000000    1.000000    19.979961    20.802689    18.795085
326    326    1656021686769348811    10.566751    11.866071    6.587483    1.000000    1.000000    1.000000    19.970557    20.725689    18.062909
327    327    1656021686918329828    10.548284    11.657394    6.712265    1.000000    1.000000    1.000000    19.968670    20.676947    19.576755
328    328    1656021687227408472    10.476311    11.048403    3.235423    1.000000    1.000000    1.000000    19.945806    20.439396    17.645533
329    329    1656021687404072770    10.449371    10.818646    5.660453    1.000000    1.000000    1.000000    19.934575    20.298696    17.938012
330    330    1656021687528823385    10.439796    10.702132    8.015993    1.000000    1.000000    1.000000    19.916890    20.072767    15.439984
331    331    1656021687629459066    10.438205    10.642782    9.936833    1.000000    1.000000    1.000000    19.932184    20.047913    24.750503
332    332    1656021687729420373    10.436844    10.582178    10.003871    1.000000    1.000000    1.000000    19.932066    20.105776    19.894783
333    333    1656021687816415998    10.439721    10.557690    11.494831    1.000000    1.000000    1.000000    19.949450    20.265956    26.325015
334    334    1656021687892818647    10.446032    10.548238    13.088551    1.000000    1.000000    1.000000    19.946467    20.256415    18.697360
335    335    1656021687976066914    10.450087    10.526437    12.012262    1.000000    1.000000    1.000000    19.946673    20.250488    20.025813
336    336    1656021688059336937    10.454114    10.527859    12.009124    1.000000    1.000000    1.000000    19.954878    20.293051    23.123280
337    337    1656021688138021255    10.459605    10.549182    12.709013    1.000000    1.000000    1.000000    19.971425    20.340876    26.750672
338    338    1656021688221660047    10.463468    10.551702    11.956175    1.000000    1.000000    1.000000    19.961579    20.347810    16.157328
339    339    1656021688299523077    10.469173    10.546180    12.843066    1.000000    1.000000    1.000000    19.960547    20.348900    19.531117
340    340    1656021688407277650    10.465242    10.472155    9.280349    1.000000    1.000000    1.000000    19.959934    20.323470    19.775118
341    341    1656021688506821744    10.463964    10.421878    10.045799    1.000000    1.000000    1.000000    19.948553    20.202833    16.223255
342    342    1656021688606424729    10.462676    10.371247    10.039860    1.000000    1.000000    1.000000    19.952280    20.155630    21.175378
343    343    1656021688699502220    10.463472    10.332005    10.743736    1.000000    1.000000    1.000000    19.941489    19.980371    16.140522
344    344    1656021688784012549    10.466983    10.349698    11.832873    1.000000    1.000000    1.000000    19.943795    19.888337    20.841139
345    345    1656021688868249308    10.470562    10.412493    11.871302    1.000000    1.000000    1.000000    19.954408    20.012399    24.107061
346    346    1656021688962318682    10.471016    10.385833    10.630452    1.000000    1.000000    1.000000    19.941244    20.014521    15.316961
347    347    1656021689103836367    10.456538    10.248213    7.066255    1.000000    1.000000    1.000000    19.932868    19.997112    17.971421
348    348    1656021689207747250    10.453946    10.189599    9.623631    1.000000    1.000000    1.000000    19.933778    20.004999    20.225250
349    349    1656021689288691154    10.458542    10.201261    12.354235    1.000000    1.000000    1.000000    19.924871    19.926852    16.251127
350    350    1656021689586990514    10.395760    9.765174    3.352337    1.000000    1.000000    1.000000    19.890214    19.618500    16.002171
351    351    1656021689747490509    10.376053    9.603659    6.230530    1.000000    1.000000    1.000000    19.889982    19.499788    19.841180
352    352    1656021689836011402    10.378450    9.582737    11.296768    1.000000    1.000000    1.000000    19.882221    19.501033    16.907919
353    353    1656021689937000940    10.377039    9.536614    9.902016    1.000000    1.000000    1.000000    19.882356    19.526032    19.927928
354    354    1656021690017673730    10.381802    9.571521    12.395753    1.000000    1.000000    1.000000    19.871230    19.471559    15.166337
355    355    1656021690099634627    10.386152    9.640338    12.200940    1.000000    1.000000    1.000000    19.866061    19.413655    17.709385
356    356    1656021690179975024    10.390971    9.683721    12.447038    1.000000    1.000000    1.000000    19.867612    19.477269    20.529560
357    357    1656021690253234811    10.397906    9.682362    13.650053    1.000000    1.000000    1.000000    19.876343    19.441512    23.970907
358    358    1656021690326288869    10.404873    9.686596    13.688494    1.000000    1.000000    1.000000    19.887756    19.405366    25.266566
359    359    1656021690410456992    10.408465    9.686458    11.880983    1.000000    1.000000    1.000000    19.900209    19.555011    25.004885
360    360    1656021690487606477    10.414148    9.689207    12.961849    1.000000    1.000000    1.000000    19.892083    19.510280    16.248988
361    361    1656021690567713466    10.418918    9.699671    12.483305    1.000000    1.000000    1.000000    19.887995    19.466713    18.119231
362    362    1656021690643180070    10.425056    9.706100    13.250894    1.000000    1.000000    1.000000    19.890540    19.405850    21.061999
363    363    1656021690821007227    10.400659    9.516365    5.623438    1.000000    1.000000    1.000000    19.882110    19.246289    18.231554
364    364    1656021691012586181    10.372453    9.313121    5.219780    1.000000    1.000000    1.000000    19.862211    19.182642    16.227068
365    365    1656021691169082663    10.354820    9.175113    6.389920    1.000000    1.000000    1.000000    19.843594    19.095401    15.657332
366    366    1656021691249333980    10.359591    9.163630    12.460855    1.000000    1.000000    1.000000    19.845361    19.105398    20.623840
367    367    1656021691323310434    10.366172    9.161596    13.517815    1.000000    1.000000    1.000000    19.853730    19.138018    23.861616
368    368    1656021691415874524    10.367309    9.129640    10.803326    1.000000    1.000000    1.000000    19.862213    19.156709    23.115319
369    369    1656021691494830736    10.372395    9.123389    12.665248    1.000000    1.000000    1.000000    19.855309    19.058395    16.742957
370    370    1656021691581900920    10.375104    9.104529    11.484988    1.000000    1.000000    1.000000    19.852315    18.962661    18.625953
371    371    1656021691664597930    10.379066    9.088852    12.092336    1.000000    1.000000    1.000000    19.858618    18.901662    22.583824
372    372    1656021691763570458    10.378308    9.076052    10.103814    1.000000    1.000000    1.000000    19.869237    19.049605    23.714732
373    373    1656021691853140611    10.380263    9.142311    11.164433    1.000000    1.000000    1.000000    19.866803    19.125006    18.890407
374    374    1656021691937029913    10.383841    9.168738    11.920471    1.000000    1.000000    1.000000    19.874208    19.250546    23.054441
375    375    1656021692024776472    10.386295    9.246878    11.396458    1.000000    1.000000    1.000000    19.887704    19.362298    25.442398
376    376    1656021692103302026    10.391378    9.373911    12.734708    1.000000    1.000000    1.000000    19.883770    19.380251    18.069854
377    377    1656021692184293085    10.395734    9.494939    12.347042    1.000000    1.000000    1.000000    19.884784    19.389437    20.339008
378    378    1656021692268744932    10.399083    9.918005    11.841067    1.000000    1.000000    1.000000    19.890918    19.549003    22.532285
379    379    1656021692355254552    10.401831    10.098599    11.559408    1.000000    1.000000    1.000000    19.904229    19.710673    25.511975
380    380    1656021692492953041    10.390041    10.072259    7.262244    1.000000    1.000000    1.000000    19.891050    19.726013    16.394569
381    381    1656021692597367663    10.387733    10.064598    9.577203    1.000000    1.000000    1.000000    19.884177    19.576821    17.470328
382    382    1656021692721445634    10.379904    10.015975    8.059448    1.000000    1.000000    1.000000    19.889981    19.620992    21.610085
383    383    1656021692796911193    10.385764    10.039163    13.251078    1.000000    1.000000    1.000000    19.898219    19.569124    23.926186
384    384    1656021692947323010    10.370622    9.892167    6.648414    1.000000    1.000000    1.000000    19.896344    19.578327    19.435573
385    385    1656021693056890449    10.366962    9.840924    9.126799    1.000000    1.000000    1.000000    19.908635    19.667926    24.073158
386    386    1656021693171148556    10.362022    9.781268    8.752114    1.000000    1.000000    1.000000    19.910552    19.631024    20.535203
387    387    1656021693309842718    10.350360    9.667773    7.210109    1.000000    1.000000    1.000000    19.901700    19.466037    17.517871
388    388    1656021693532746894    10.315697    9.414269    4.486233    1.000000    1.000000    1.000000    19.883727    19.408816    16.861159
389    389    1656021693661533450    10.307014    9.324861    7.764786    1.000000    1.000000    1.000000    19.885818    19.433206    20.498200
390    390    1656021693783831231    10.300151    9.299638    8.176763    1.000000    1.000000    1.000000    19.887828    19.450841    20.509782
391    391    1656021693920536488    10.289440    9.235803    7.315008    1.000000    1.000000    1.000000    19.880868    19.472244    17.948200
392    392    1656021694019925262    10.288847    9.236168    10.061498    1.000000    1.000000    1.000000    19.880700    19.447218    19.815944
393    393    1656021694123996384    10.286999    9.217449    9.608813    1.000000    1.000000    1.000000    19.893930    19.605690    24.749850
394    394    1656021694269237582    10.274147    9.115396    6.885099    1.000000    1.000000    1.000000    19.890413    19.569639    18.963018
395    395    1656021694408533397    10.262973    9.024808    7.178967    1.000000    1.000000    1.000000    19.887265    19.486788    19.018302
396    396    1656021694524475723    10.258066    8.989318    8.624978    1.000000    1.000000    1.000000    19.884551    19.546774    18.981374
397    397    1656021694627640343    10.256565    9.051733    9.693246    1.000000    1.000000    1.000000    19.877701    19.545324    17.308099
398    398    1656021694734307886    10.254148    9.047218    9.374923    1.000000    1.000000    1.000000    19.885169    19.591535    22.601896
399    399    1656021694835129089    10.253280    9.014794    9.918549    1.000000    1.000000    1.000000    19.881687    19.621132    18.537951
400    400    1656021694926160909    10.254984    9.364751    10.985170    1.000000    1.000000    1.000000    19.891069    19.896472    23.911384
401    401    1656021695070620319    10.242718    9.392970    6.922360    1.000000    1.000000    1.000000    19.876527    19.790777    15.940356
402    402    1656021695223107023    10.228457    9.281439    6.557949    1.000000    1.000000    1.000000    19.863793    19.747440    16.586199
403    403    1656021695378000453    10.213684    9.189487    6.456052    1.000000    1.000000    1.000000    19.858571    19.709444    18.530413
404    404    1656021695503487844    10.206585    9.114418    7.968928    1.000000    1.000000    1.000000    19.865035    19.826417    21.902393
405    405    1656021695627373330    10.199942    9.045290    8.071971    1.000000    1.000000    1.000000    19.868563    19.884081    20.998751
406    406    1656021695761750350    10.190661    8.957724    7.441749    1.000000    1.000000    1.000000    19.859666    19.810751    17.224033
407    407    1656021695917360391    10.176052    8.827488    6.426321    1.000000    1.000000    1.000000    19.839335    19.614372    14.621213
408    408    1656021696026938873    10.173189    8.770929    9.125879    1.000000    1.000000    1.000000    19.826735    19.457406    15.216668
409    409    1656021696129228779    10.172182    8.743136    9.776136    1.000000    1.000000    1.000000    19.827983    19.391159    20.318419
410    410    1656021696278620467    10.159337    8.634067    6.693813    1.000000    1.000000    1.000000    19.806181    19.291985    13.924062
411    411    1656021696400531579    10.153458    8.572186    8.202698    1.000000    1.000000    1.000000    19.792182    19.221452    15.146754
412    412    1656021696516124965    10.149190    8.513617    8.651014    1.000000    1.000000    1.000000    19.792226    19.209335    19.807464
413    413    1656021696630554901    10.145236    8.606523    8.738972    1.000000    1.000000    1.000000    19.779682    19.162634    15.318803
414    414    1656021696750390622    10.139964    8.714134    8.344757    1.000000    1.000000    1.000000    19.778160    19.262684    19.260070
415    415    1656021696849606857    10.139817    8.802005    10.078996    1.000000    1.000000    1.000000    19.773242    19.335496    17.744667
416    416    1656021696973444327    10.133603    8.734982    8.075100    1.000000    1.000000    1.000000    19.771753    19.316199    19.278415
417    417    1656021697095425253    10.127882    8.662336    8.198003    1.000000    1.000000    1.000000    19.761513    19.194350    16.306941
418    418    1656021697184388667    10.130276    8.667744    11.240576    1.000000    1.000000    1.000000    19.772396    19.218213    24.821337
419    419    1656021697311559722    10.123327    8.595897    7.863425    1.000000    1.000000    1.000000    19.762373    19.192437    16.502441
420    420    1656021697630209894    10.070087    8.266773    3.138238    1.000000    1.000000    1.000000    19.718549    18.927702    14.012699
421    421    1656021697753767766    10.064263    8.211300    8.093373    1.000000    1.000000    1.000000    19.711566    18.846006    17.348589
422    422    1656021697924064649    10.047305    8.116232    5.872098    1.000000    1.000000    1.000000    19.681701    18.587618    12.328395
423    423    1656021698041257265    10.043102    8.080003    8.532961    1.000000    1.000000    1.000000    19.664259    18.484959    13.398373
424    424    1656021698159812753    10.038598    8.034990    8.434869    1.000000    1.000000    1.000000    19.659653    18.414487    18.019339
425    425    1656021698286664342    10.032159    7.984812    7.883228    1.000000    1.000000    1.000000    19.641257    18.216484    13.501664
426    426    1656021698430094066    10.021858    7.902899    6.972056    1.000000    1.000000    1.000000    19.637532    18.225521    18.534842
427    427    1656021698568104504    10.012895    7.832311    7.245829    1.000000    1.000000    1.000000    19.639379    18.241599    20.209512
428    428    1656021698689544254    10.007857    7.787193    8.234536    1.000000    1.000000    1.000000    19.644512    18.245871    21.451308
429    429    1656021698798328569    10.005793    7.760271    9.192502    1.000000    1.000000    1.000000    19.646866    18.187623    20.574282
430    430    1656021698943455193    9.995308    7.751335    6.890534    1.000000    1.000000    1.000000    19.636525    18.189606    16.574461
431    431    1656021699056450230    9.992315    7.741038    8.849946    1.000000    1.000000    1.000000    19.633967    18.209420    18.657592
432    432    1656021699162157295    9.991017    7.763117    9.460106    1.000000    1.000000    1.000000    19.624859    18.106002    15.899837
433    433    1656021699276183646    9.987812    7.716916    8.769903    1.000000    1.000000    1.000000    19.624499    18.062529    19.487662
434    434    1656021699396811218    9.983112    7.752553    8.289979    1.000000    1.000000    1.000000    19.616562    18.006100    16.757556
435    435    1656021699528603906    9.975889    7.725929    7.587674    1.000000    1.000000    1.000000    19.601124    17.831920    14.496885
436    436    1656021699683857722    9.963376    7.677297    6.441066    1.000000    1.000000    1.000000    19.603281    17.841196    20.210494
437    437    1656021699881690699    9.941336    7.608210    5.054769    1.000000    1.000000    1.000000    19.580208    17.746382    14.464895
438    438    1656021700022630603    9.932260    7.704298    7.095223    1.000000    1.000000    1.000000    19.580066    17.815644    19.535680
439    439    1656021700156832854    9.924750    7.697875    7.451440    1.000000    1.000000    1.000000    19.582295    17.814124    20.316362
440    440    1656021700301270128    9.915004    7.671725    6.923421    1.000000    1.000000    1.000000    19.581694    17.798627    19.397325
441    441    1656021700449327284    9.904517    7.658386    6.754148    1.000000    1.000000    1.000000    19.581906    17.837374    19.645321
442    442    1656021700577329697    9.898533    7.624968    7.812353    1.000000    1.000000    1.000000    19.589749    17.894968    22.324141
443    443    1656021700709541225    9.891656    7.592386    7.563637    1.000000    1.000000    1.000000    19.595267    17.858280    21.463389
444    444    1656021700850340439    9.882934    7.597511    7.102312    1.000000    1.000000    1.000000    19.599404    17.899363    20.918096
445    445    1656021700990388207    9.874430    7.596643    7.140421    1.000000    1.000000    1.000000    19.605837    17.955999    21.674036
446    446    1656021701105356661    9.871443    7.597767    8.698038    1.000000    1.000000    1.000000    19.594886    17.891406    15.292706
447    447    1656021701285265820    9.854375    7.510185    5.558361    1.000000    1.000000    1.000000    19.591585    17.923939    18.760824
448    448    1656021701436669909    9.843589    7.460057    6.604841    1.000000    1.000000    1.000000    19.583318    17.830901    17.101073
449    449    1656021701519363556    9.847659    7.480288    12.092827    1.000000    1.000000    1.000000    19.587834    17.872784    22.078415
450    450    1656021701654141583    9.840519    7.431650    7.419607    1.000000    1.000000    1.000000    19.592335    17.856100    21.118528
451    451    1656021701743452860    9.843157    7.493070    11.196794    1.000000    1.000000    1.000000    19.601743    17.985554    24.429432
452    452    1656021701842792070    9.843639    7.553229    10.066519    1.000000    1.000000    1.000000    19.595850    18.001074    16.871741
453    453    1656021701947838182    9.842901    7.610538    9.519629    1.000000    1.000000    1.000000    19.598162    18.030323    20.610949
454    454    1656021702027584021    9.847556    7.663897    12.539839    1.000000    1.000000    1.000000    19.594930    17.952126    17.725993
455    455    1656021702106515252    9.852368    7.717071    12.669256    1.000000    1.000000    1.000000    19.595600    17.918668    19.987484
456    456    1656021702183956938    9.857480    7.785486    12.912942    1.000000    1.000000    1.000000    19.600453    17.988455    22.500707
457    457    1656021702262974726    9.862241    7.879457    12.655378    1.000000    1.000000    1.000000    19.608710    18.151531    24.453367
458    458    1656021702345385854    9.866266    7.913337    12.134284    1.000000    1.000000    1.000000    19.620208    18.306093    26.099375
459    459    1656021702434258964    9.868908    7.930176    11.251997    1.000000    1.000000    1.000000    19.614647    18.250857    16.703557
460    460    1656021702561289592    9.863481    7.958401    7.872117    1.000000    1.000000    1.000000    19.612388    18.364515    18.783725
461    461    1656021702700422152    9.855538    7.936646    7.187390    1.000000    1.000000    1.000000    19.606176    18.408116    17.519264
462    462    1656021702826725095    9.850330    7.923177    7.917472    1.000000    1.000000    1.000000    19.603825    18.388956    18.731509
463    463    1656021702929247559    9.850120    7.938155    9.753960    1.000000    1.000000    1.000000    19.601288    18.445532    18.438104
464    464    1656021703054641596    9.845142    7.931157    7.974861    1.000000    1.000000    1.000000    19.607928    18.502782    22.102202
465    465    1656021703135241222    9.849506    7.954647    12.407005    1.000000    1.000000    1.000000    19.616148    18.590792    24.433107
466    466    1656021703212290049    9.854594    8.014303    12.978783    1.000000    1.000000    1.000000    19.629041    18.687736    27.545851
467    467    1656021703287961419    9.859951    8.074237    13.215038    1.000000    1.000000    1.000000    19.624306    18.709845    16.659142
468    468    1656021703420156697    9.853576    8.018258    7.564567    1.000000    1.000000    1.000000    19.616776    18.584565    16.913160
469    469    1656021703513439487    9.855271    8.062072    10.720091    1.000000    1.000000    1.000000    19.612519    18.610051    17.440431
470    470    1656021703587835293    9.860857    8.392606    13.441618    1.000000    1.000000    1.000000    19.618634    18.917488    23.538419
471    471    1656021703666636816    9.865517    8.456132    12.690110    1.000000    1.000000    1.000000    19.626673    19.024666    24.499565
472    472    1656021703751345922    9.868945    8.580331    11.805106    1.000000    1.000000    1.000000    19.637668    19.319538    25.847447
473    473    1656021703835723548    9.872429    8.628922    11.851483    1.000000    1.000000    1.000000    19.633545    19.409767    17.291852
474    474    1656021703917647885    9.876405    8.683819    12.206385    1.000000    1.000000    1.000000    19.635214    19.455518    20.613175
475    475    1656021704006545296    9.878937    8.741441    11.248922    1.000000    1.000000    1.000000    19.640556    19.635354    22.530799
476    476    1656021704095854571    9.881376    8.824941    11.197045    1.000000    1.000000    1.000000    19.632175    19.591885    15.110271
477    477    1656021704182959163    9.884256    8.904950    11.480451    1.000000    1.000000    1.000000    19.630940    19.566693    18.946528
478    478    1656021704265797415    9.887997    8.966595    12.071718    1.000000    1.000000    1.000000    19.636421    19.574222    22.836354
479    479    1656021704349027514    9.891645    9.007874    12.014884    1.000000    1.000000    1.000000    19.646756    19.645908    25.662162
480    480    1656021704453639928    9.890929    9.074106    9.559095    1.000000    1.000000    1.000000    19.639525    19.662996    16.285001
481    481    1656021704570443122    9.887744    9.067840    8.561410    1.000000    1.000000    1.000000    19.642573    19.710053    20.911808
482    482    1656021704651212000    9.891868    9.109036    12.381006    1.000000    1.000000    1.000000    19.643930    19.794508    20.462968
483    483    1656021704725487477    9.897292    9.175484    13.463394    1.000000    1.000000    1.000000    19.650129    19.854506    23.725287
484    484    1656021704884345323    9.885628    9.111561    6.294936    1.000000    1.000000    1.000000    19.650312    19.918303    19.706639
485    485    1656021705049954816    9.872685    9.055755    6.038301    1.000000    1.000000    1.000000    19.632747    19.883064    14.429048
486    486    1656021705168053854    9.869322    9.117106    8.467469    1.000000    1.000000    1.000000    19.631147    19.854013    18.964465
487    487    1656021705386602495    9.845979    9.082798    4.575640    1.000000    1.000000    1.000000    19.612841    19.874019    15.479651
488    488    1656021705673007976    9.809471    8.848967    3.491553    1.000000    1.000000    1.000000    19.588708    19.656307    15.412361
489    489    1656021705806634269    9.803253    8.849868    7.483557    1.000000    1.000000    1.000000    19.585920    19.614364    18.545830
490    490    1656021705911756462    9.802643    8.911883    9.512739    1.000000    1.000000    1.000000    19.585867    19.618948    19.560802
491    491    1656021705987590379    9.807759    9.028101    13.186712    1.000000    1.000000    1.000000    19.580052    19.565114    15.738901
492    492    1656021706065051817    9.812541    9.111249    12.909649    1.000000    1.000000    1.000000    19.576651    19.469833    17.374131
493    493    1656021706141418594    9.817522    9.204921    13.094700    1.000000    1.000000    1.000000    19.576437    19.420832    19.435846
494    494    1656021706217397894    9.822564    9.316092    13.161480    1.000000    1.000000    1.000000    19.579031    19.408108    21.296630
495    495    1656021706292923419    9.827679    9.429452    13.240557    1.000000    1.000000    1.000000    19.584564    19.403365    23.276841
496    496    1656021706386672503    9.829235    9.467338    10.666771    1.000000    1.000000    1.000000    19.591002    19.557703    23.056866
497    497    1656021706465967604    9.833591    9.651202    12.611120    1.000000    1.000000    1.000000    19.586914    19.545923    16.980060
498    498    1656021706538994295    9.839149    9.799456    13.693623    1.000000    1.000000    1.000000    19.587096    19.620861    19.713000
499    499    1656021706612727956    9.844554    9.816694    13.562327    1.000000    1.000000    1.000000    19.589082    19.600278    20.955219
